{"total": {"lines":{"total":308,"covered":254,"skipped":0,"pct":82.46},"statements":{"total":340,"covered":277,"skipped":0,"pct":81.47},"functions":{"total":93,"covered":71,"skipped":0,"pct":76.34},"branches":{"total":43,"covered":24,"skipped":0,"pct":55.81},"branchesTrue":{"total":0,"covered":0,"skipped":0,"pct":100}}
,"C:/Users/lenovo/Documents/веб технології та дизайн/lab 1,2/frontend/cypress/support/commands.js": {"lines":{"total":10,"covered":1,"skipped":0,"pct":10},"functions":{"total":3,"covered":0,"skipped":0,"pct":0},"statements":{"total":10,"covered":1,"skipped":0,"pct":10},"branches":{"total":0,"covered":0,"skipped":0,"pct":100}}
,"C:/Users/lenovo/Documents/веб технології та дизайн/lab 1,2/frontend/cypress/support/component.js": {"lines":{"total":3,"covered":3,"skipped":0,"pct":100},"functions":{"total":1,"covered":1,"skipped":0,"pct":100},"statements":{"total":3,"covered":3,"skipped":0,"pct":100},"branches":{"total":0,"covered":0,"skipped":0,"pct":100}}
,"C:/Users/lenovo/Documents/веб технології та дизайн/lab 1,2/frontend/src/Firebase.jsx": {"lines":{"total":4,"covered":4,"skipped":0,"pct":100},"functions":{"total":0,"covered":0,"skipped":0,"pct":100},"statements":{"total":4,"covered":4,"skipped":0,"pct":100},"branches":{"total":0,"covered":0,"skipped":0,"pct":100}}
,"C:/Users/lenovo/Documents/веб технології та дизайн/lab 1,2/frontend/src/components/Banner/Banner.cy.jsx": {"lines":{"total":9,"covered":9,"skipped":0,"pct":100},"functions":{"total":3,"covered":3,"skipped":0,"pct":100},"statements":{"total":9,"covered":9,"skipped":0,"pct":100},"branches":{"total":0,"covered":0,"skipped":0,"pct":100}}
,"C:/Users/lenovo/Documents/веб технології та дизайн/lab 1,2/frontend/src/components/Banner/Banner.jsx": {"lines":{"total":1,"covered":1,"skipped":0,"pct":100},"functions":{"total":1,"covered":1,"skipped":0,"pct":100},"statements":{"total":1,"covered":1,"skipped":0,"pct":100},"branches":{"total":0,"covered":0,"skipped":0,"pct":100}}
,"C:/Users/lenovo/Documents/веб технології та дизайн/lab 1,2/frontend/src/components/Button/BackButton.cy.jsx": {"lines":{"total":13,"covered":13,"skipped":0,"pct":100},"functions":{"total":5,"covered":5,"skipped":0,"pct":100},"statements":{"total":13,"covered":13,"skipped":0,"pct":100},"branches":{"total":0,"covered":0,"skipped":0,"pct":100}}
,"C:/Users/lenovo/Documents/веб технології та дизайн/lab 1,2/frontend/src/components/Button/BackButton.jsx": {"lines":{"total":2,"covered":2,"skipped":0,"pct":100},"functions":{"total":2,"covered":2,"skipped":0,"pct":100},"statements":{"total":2,"covered":2,"skipped":0,"pct":100},"branches":{"total":0,"covered":0,"skipped":0,"pct":100}}
,"C:/Users/lenovo/Documents/веб технології та дизайн/lab 1,2/frontend/src/components/Footer/Footer.cy.jsx": {"lines":{"total":16,"covered":16,"skipped":0,"pct":100},"functions":{"total":4,"covered":4,"skipped":0,"pct":100},"statements":{"total":16,"covered":16,"skipped":0,"pct":100},"branches":{"total":0,"covered":0,"skipped":0,"pct":100}}
,"C:/Users/lenovo/Documents/веб технології та дизайн/lab 1,2/frontend/src/components/Footer/Footer.jsx": {"lines":{"total":1,"covered":1,"skipped":0,"pct":100},"functions":{"total":1,"covered":1,"skipped":0,"pct":100},"statements":{"total":1,"covered":1,"skipped":0,"pct":100},"branches":{"total":2,"covered":2,"skipped":0,"pct":100}}
,"C:/Users/lenovo/Documents/веб технології та дизайн/lab 1,2/frontend/src/components/Forms/Forms.cy.jsx": {"lines":{"total":47,"covered":47,"skipped":0,"pct":100},"functions":{"total":12,"covered":12,"skipped":0,"pct":100},"statements":{"total":52,"covered":52,"skipped":0,"pct":100},"branches":{"total":0,"covered":0,"skipped":0,"pct":100}}
,"C:/Users/lenovo/Documents/веб технології та дизайн/lab 1,2/frontend/src/components/Forms/Forms.jsx": {"lines":{"total":15,"covered":15,"skipped":0,"pct":100},"functions":{"total":6,"covered":6,"skipped":0,"pct":100},"statements":{"total":15,"covered":15,"skipped":0,"pct":100},"branches":{"total":17,"covered":16,"skipped":0,"pct":94.11}}
,"C:/Users/lenovo/Documents/веб технології та дизайн/lab 1,2/frontend/src/components/Header/Header.cy.jsx": {"lines":{"total":31,"covered":31,"skipped":0,"pct":100},"functions":{"total":6,"covered":6,"skipped":0,"pct":100},"statements":{"total":31,"covered":31,"skipped":0,"pct":100},"branches":{"total":0,"covered":0,"skipped":0,"pct":100}}
,"C:/Users/lenovo/Documents/веб технології та дизайн/lab 1,2/frontend/src/components/Header/Header.jsx": {"lines":{"total":11,"covered":10,"skipped":0,"pct":90.9},"functions":{"total":3,"covered":3,"skipped":0,"pct":100},"statements":{"total":12,"covered":11,"skipped":0,"pct":91.66},"branches":{"total":4,"covered":4,"skipped":0,"pct":100}}
,"C:/Users/lenovo/Documents/веб технології та дизайн/lab 1,2/frontend/src/components/ProductModal/ProductModal.cy.jsx": {"lines":{"total":31,"covered":31,"skipped":0,"pct":100},"functions":{"total":6,"covered":6,"skipped":0,"pct":100},"statements":{"total":31,"covered":31,"skipped":0,"pct":100},"branches":{"total":0,"covered":0,"skipped":0,"pct":100}}
,"C:/Users/lenovo/Documents/веб технології та дизайн/lab 1,2/frontend/src/components/ProductModal/ProductModal.jsx": {"lines":{"total":6,"covered":6,"skipped":0,"pct":100},"functions":{"total":3,"covered":3,"skipped":0,"pct":100},"statements":{"total":6,"covered":6,"skipped":0,"pct":100},"branches":{"total":0,"covered":0,"skipped":0,"pct":100}}
,"C:/Users/lenovo/Documents/веб технології та дизайн/lab 1,2/frontend/src/components/ProtectedRoute/ProtectedRoute.cy.jsx": {"lines":{"total":10,"covered":10,"skipped":0,"pct":100},"functions":{"total":3,"covered":3,"skipped":0,"pct":100},"statements":{"total":10,"covered":10,"skipped":0,"pct":100},"branches":{"total":0,"covered":0,"skipped":0,"pct":100}}
,"C:/Users/lenovo/Documents/веб технології та дизайн/lab 1,2/frontend/src/components/ProtectedRoute/ProtectedRoute.jsx": {"lines":{"total":7,"covered":7,"skipped":0,"pct":100},"functions":{"total":3,"covered":3,"skipped":0,"pct":100},"statements":{"total":15,"covered":15,"skipped":0,"pct":100},"branches":{"total":2,"covered":2,"skipped":0,"pct":100}}
,"C:/Users/lenovo/Documents/веб технології та дизайн/lab 1,2/frontend/src/components/Slider/Slider.cy.jsx": {"lines":{"total":18,"covered":18,"skipped":0,"pct":100},"functions":{"total":5,"covered":5,"skipped":0,"pct":100},"statements":{"total":18,"covered":18,"skipped":0,"pct":100},"branches":{"total":0,"covered":0,"skipped":0,"pct":100}}
,"C:/Users/lenovo/Documents/веб технології та дизайн/lab 1,2/frontend/src/components/Slider/Slider.jsx": {"lines":{"total":8,"covered":8,"skipped":0,"pct":100},"functions":{"total":4,"covered":4,"skipped":0,"pct":100},"statements":{"total":8,"covered":8,"skipped":0,"pct":100},"branches":{"total":0,"covered":0,"skipped":0,"pct":100}}
,"C:/Users/lenovo/Documents/веб технології та дизайн/lab 1,2/frontend/src/context/AuthContext.jsx": {"lines":{"total":21,"covered":17,"skipped":0,"pct":80.95},"functions":{"total":12,"covered":2,"skipped":0,"pct":16.66},"statements":{"total":36,"covered":26,"skipped":0,"pct":72.22},"branches":{"total":4,"covered":0,"skipped":0,"pct":0}}
,"C:/Users/lenovo/Documents/веб технології та дизайн/lab 1,2/frontend/src/context/CartContext.jsx": {"lines":{"total":44,"covered":4,"skipped":0,"pct":9.09},"functions":{"total":10,"covered":1,"skipped":0,"pct":10},"statements":{"total":47,"covered":4,"skipped":0,"pct":8.51},"branches":{"total":14,"covered":0,"skipped":0,"pct":0}}
}
