{"C:/Users/lenovo/Documents/веб технології та дизайн/lab 1,2/frontend/cypress/support/component.js": {"path":"C:/Users/lenovo/Documents/веб технології та дизайн/lab 1,2/frontend/cypress/support/component.js","statementMap":{"0":{"start":{"line":23,"column":0},"end":{"line":25,"column":null}},"1":{"start":{"line":24,"column":4},"end":{"line":24,"column":null}},"2":{"start":{"line":27,"column":0},"end":{"line":27,"column":null}}},"fnMap":{"0":{"name":"(anonymous_0)","decl":{"start":{"line":23,"column":11},"end":{"line":23,"column":12}},"loc":{"start":{"line":23,"column":17},"end":{"line":25,"column":3}}}},"branchMap":{},"s":{"0":66,"1":169,"2":66},"f":{"0":169},"b":{}}
,"C:/Users/lenovo/Documents/веб технології та дизайн/lab 1,2/frontend/src/Firebase.jsx": {"path":"C:/Users/lenovo/Documents/веб технології та дизайн/lab 1,2/frontend/src/Firebase.jsx","statementMap":{"0":{"start":{"line":9,"column":23},"end":{"line":16,"column":null}},"1":{"start":{"line":19,"column":12},"end":{"line":19,"column":null}},"2":{"start":{"line":21,"column":20},"end":{"line":21,"column":null}},"3":{"start":{"line":22,"column":18},"end":{"line":22,"column":null}}},"fnMap":{},"branchMap":{},"s":{"0":18,"1":18,"2":18,"3":18},"f":{},"b":{}}
,"C:/Users/lenovo/Documents/веб технології та дизайн/lab 1,2/frontend/src/components/Banner/Banner.cy.jsx": {"path":"C:/Users/lenovo/Documents/веб технології та дизайн/lab 1,2/frontend/src/components/Banner/Banner.cy.jsx","statementMap":{"0":{"start":{"line":4,"column":0},"end":{"line":29,"column":null}},"1":{"start":{"line":6,"column":2},"end":{"line":16,"column":null}},"2":{"start":{"line":7,"column":22},"end":{"line":7,"column":null}},"3":{"start":{"line":8,"column":20},"end":{"line":8,"column":null}},"4":{"start":{"line":10,"column":4},"end":{"line":10,"column":null}},"5":{"start":{"line":12,"column":4},"end":{"line":15,"column":null}},"6":{"start":{"line":18,"column":2},"end":{"line":27,"column":null}},"7":{"start":{"line":19,"column":4},"end":{"line":19,"column":null}},"8":{"start":{"line":21,"column":4},"end":{"line":26,"column":null}}},"fnMap":{"0":{"name":"(anonymous_0)","decl":{"start":{"line":4,"column":23},"end":{"line":4,"column":29}},"loc":{"start":{"line":4,"column":29},"end":{"line":29,"column":1}}},"1":{"name":"(anonymous_1)","decl":{"start":{"line":6,"column":68},"end":{"line":6,"column":74}},"loc":{"start":{"line":6,"column":74},"end":{"line":16,"column":3}}},"2":{"name":"(anonymous_2)","decl":{"start":{"line":18,"column":59},"end":{"line":18,"column":65}},"loc":{"start":{"line":18,"column":65},"end":{"line":27,"column":3}}}},"branchMap":{},"s":{"0":3,"1":3,"2":3,"3":3,"4":3,"5":3,"6":3,"7":2,"8":2},"f":{"0":3,"1":3,"2":2},"b":{}}
,"C:/Users/lenovo/Documents/веб технології та дизайн/lab 1,2/frontend/src/components/Banner/Banner.jsx": {"path":"C:/Users/lenovo/Documents/веб технології та дизайн/lab 1,2/frontend/src/components/Banner/Banner.jsx","statementMap":{"0":{"start":{"line":4,"column":2},"end":{"line":7,"column":null}}},"fnMap":{"0":{"name":"Banner","decl":{"start":{"line":3,"column":9},"end":{"line":3,"column":16}},"loc":{"start":{"line":3,"column":39},"end":{"line":9,"column":null}}}},"branchMap":{},"s":{"0":10},"f":{"0":10},"b":{}}
,"C:/Users/lenovo/Documents/веб технології та дизайн/lab 1,2/frontend/src/components/Button/BackButton.cy.jsx": {"path":"C:/Users/lenovo/Documents/веб технології та дизайн/lab 1,2/frontend/src/components/Button/BackButton.cy.jsx","statementMap":{"0":{"start":{"line":4,"column":0},"end":{"line":34,"column":null}},"1":{"start":{"line":6,"column":2},"end":{"line":12,"column":null}},"2":{"start":{"line":7,"column":4},"end":{"line":7,"column":null}},"3":{"start":{"line":9,"column":4},"end":{"line":11,"column":null}},"4":{"start":{"line":14,"column":1},"end":{"line":24,"column":null}},"5":{"start":{"line":15,"column":4},"end":{"line":15,"column":null}},"6":{"start":{"line":17,"column":4},"end":{"line":19,"column":null}},"7":{"start":{"line":18,"column":6},"end":{"line":18,"column":null}},"8":{"start":{"line":21,"column":4},"end":{"line":21,"column":null}},"9":{"start":{"line":23,"column":4},"end":{"line":23,"column":null}},"10":{"start":{"line":26,"column":2},"end":{"line":32,"column":null}},"11":{"start":{"line":27,"column":4},"end":{"line":27,"column":null}},"12":{"start":{"line":29,"column":4},"end":{"line":31,"column":null}}},"fnMap":{"0":{"name":"(anonymous_0)","decl":{"start":{"line":4,"column":27},"end":{"line":4,"column":33}},"loc":{"start":{"line":4,"column":33},"end":{"line":34,"column":1}}},"1":{"name":"(anonymous_1)","decl":{"start":{"line":6,"column":58},"end":{"line":6,"column":64}},"loc":{"start":{"line":6,"column":64},"end":{"line":12,"column":3}}},"2":{"name":"(anonymous_2)","decl":{"start":{"line":14,"column":51},"end":{"line":14,"column":57}},"loc":{"start":{"line":14,"column":57},"end":{"line":24,"column":3}}},"3":{"name":"(anonymous_3)","decl":{"start":{"line":17,"column":21},"end":{"line":17,"column":22}},"loc":{"start":{"line":17,"column":30},"end":{"line":19,"column":5}}},"4":{"name":"(anonymous_4)","decl":{"start":{"line":26,"column":39},"end":{"line":26,"column":45}},"loc":{"start":{"line":26,"column":45},"end":{"line":32,"column":3}}}},"branchMap":{},"s":{"0":8,"1":8,"2":8,"3":8,"4":8,"5":6,"6":6,"7":6,"8":6,"9":6,"10":8,"11":4,"12":4},"f":{"0":8,"1":8,"2":6,"3":6,"4":4},"b":{}}
,"C:/Users/lenovo/Documents/веб технології та дизайн/lab 1,2/frontend/src/components/Button/BackButton.jsx": {"path":"C:/Users/lenovo/Documents/веб технології та дизайн/lab 1,2/frontend/src/components/Button/BackButton.jsx","statementMap":{"0":{"start":{"line":4,"column":2},"end":{"line":9,"column":null}},"1":{"start":{"line":8,"column":21},"end":{"line":8,"column":null}},"2":{"start":{"line":12,"column":1},"end":{"line":3,"column":22}},"3":{"start":{"line":14,"column":26},"end":{"line":14,"column":null}}},"fnMap":{"0":{"name":"BackButton","decl":{"start":{"line":3,"column":9},"end":{"line":3,"column":22}},"loc":{"start":{"line":3,"column":22},"end":{"line":12,"column":1}}},"1":{"name":"(anonymous_1)","decl":{"start":{"line":8,"column":15},"end":{"line":8,"column":21}},"loc":{"start":{"line":8,"column":21},"end":{"line":8,"column":null}}}},"branchMap":{},"s":{"0":27,"1":9,"2":4,"3":4},"f":{"0":27,"1":9},"b":{}}
,"C:/Users/lenovo/Documents/веб технології та дизайн/lab 1,2/frontend/src/components/Footer/Footer.cy.jsx": {"path":"C:/Users/lenovo/Documents/веб технології та дизайн/lab 1,2/frontend/src/components/Footer/Footer.cy.jsx","statementMap":{"0":{"start":{"line":5,"column":0},"end":{"line":57,"column":null}},"1":{"start":{"line":7,"column":2},"end":{"line":21,"column":null}},"2":{"start":{"line":8,"column":4},"end":{"line":12,"column":null}},"3":{"start":{"line":14,"column":4},"end":{"line":14,"column":null}},"4":{"start":{"line":16,"column":4},"end":{"line":16,"column":null}},"5":{"start":{"line":18,"column":4},"end":{"line":18,"column":null}},"6":{"start":{"line":19,"column":4},"end":{"line":19,"column":null}},"7":{"start":{"line":20,"column":4},"end":{"line":20,"column":null}},"8":{"start":{"line":23,"column":2},"end":{"line":35,"column":null}},"9":{"start":{"line":24,"column":4},"end":{"line":28,"column":null}},"10":{"start":{"line":30,"column":4},"end":{"line":34,"column":null}},"11":{"start":{"line":37,"column":2},"end":{"line":55,"column":null}},"12":{"start":{"line":38,"column":4},"end":{"line":42,"column":null}},"13":{"start":{"line":43,"column":4},"end":{"line":45,"column":null}},"14":{"start":{"line":47,"column":4},"end":{"line":51,"column":null}},"15":{"start":{"line":52,"column":4},"end":{"line":54,"column":null}}},"fnMap":{"0":{"name":"(anonymous_0)","decl":{"start":{"line":5,"column":23},"end":{"line":5,"column":29}},"loc":{"start":{"line":5,"column":29},"end":{"line":57,"column":1}}},"1":{"name":"(anonymous_1)","decl":{"start":{"line":7,"column":65},"end":{"line":7,"column":71}},"loc":{"start":{"line":7,"column":71},"end":{"line":21,"column":3}}},"2":{"name":"(anonymous_2)","decl":{"start":{"line":23,"column":80},"end":{"line":23,"column":86}},"loc":{"start":{"line":23,"column":86},"end":{"line":35,"column":3}}},"3":{"name":"(anonymous_3)","decl":{"start":{"line":37,"column":52},"end":{"line":37,"column":58}},"loc":{"start":{"line":37,"column":58},"end":{"line":55,"column":3}}}},"branchMap":{},"s":{"0":4,"1":4,"2":4,"3":4,"4":4,"5":4,"6":4,"7":4,"8":4,"9":3,"10":3,"11":4,"12":2,"13":2,"14":2,"15":2},"f":{"0":4,"1":4,"2":3,"3":2},"b":{}}
,"C:/Users/lenovo/Documents/веб технології та дизайн/lab 1,2/frontend/src/components/Footer/Footer.jsx": {"path":"C:/Users/lenovo/Documents/веб технології та дизайн/lab 1,2/frontend/src/components/Footer/Footer.jsx","statementMap":{"0":{"start":{"line":5,"column":2},"end":{"line":38,"column":null}}},"fnMap":{"0":{"name":"Footer","decl":{"start":{"line":4,"column":9},"end":{"line":4,"column":16}},"loc":{"start":{"line":4,"column":30},"end":{"line":40,"column":null}}}},"branchMap":{"0":{"loc":{"start":{"line":7,"column":37},"end":{"line":7,"column":71}},"type":"cond-expr","locations":[{"start":{"line":7,"column":48},"end":{"line":7,"column":69}},{"start":{"line":7,"column":69},"end":{"line":7,"column":71}}]}},"s":{"0":22},"f":{"0":22},"b":{"0":[4,18]}}
,"C:/Users/lenovo/Documents/веб технології та дизайн/lab 1,2/frontend/src/components/Forms/Forms.cy.jsx": {"path":"C:/Users/lenovo/Documents/веб технології та дизайн/lab 1,2/frontend/src/components/Forms/Forms.cy.jsx","statementMap":{"0":{"start":{"line":5,"column":20},"end":{"line":7,"column":null}},"1":{"start":{"line":6,"column":2},"end":{"line":6,"column":null}},"2":{"start":{"line":9,"column":0},"end":{"line":146,"column":null}},"3":{"start":{"line":11,"column":2},"end":{"line":41,"column":null}},"4":{"start":{"line":12,"column":22},"end":{"line":12,"column":null}},"5":{"start":{"line":14,"column":32},"end":{"line":19,"column":null}},"6":{"start":{"line":14,"column":39},"end":{"line":19,"column":null}},"7":{"start":{"line":21,"column":4},"end":{"line":25,"column":null}},"8":{"start":{"line":27,"column":4},"end":{"line":27,"column":null}},"9":{"start":{"line":28,"column":4},"end":{"line":28,"column":null}},"10":{"start":{"line":29,"column":4},"end":{"line":29,"column":null}},"11":{"start":{"line":30,"column":4},"end":{"line":30,"column":null}},"12":{"start":{"line":32,"column":4},"end":{"line":32,"column":null}},"13":{"start":{"line":33,"column":4},"end":{"line":33,"column":null}},"14":{"start":{"line":35,"column":4},"end":{"line":35,"column":null}},"15":{"start":{"line":37,"column":4},"end":{"line":40,"column":null}},"16":{"start":{"line":43,"column":2},"end":{"line":82,"column":null}},"17":{"start":{"line":44,"column":22},"end":{"line":44,"column":null}},"18":{"start":{"line":45,"column":32},"end":{"line":50,"column":null}},"19":{"start":{"line":45,"column":39},"end":{"line":50,"column":null}},"20":{"start":{"line":52,"column":4},"end":{"line":61,"column":null}},"21":{"start":{"line":63,"column":4},"end":{"line":63,"column":null}},"22":{"start":{"line":64,"column":4},"end":{"line":64,"column":null}},"23":{"start":{"line":66,"column":4},"end":{"line":66,"column":null}},"24":{"start":{"line":67,"column":4},"end":{"line":67,"column":null}},"25":{"start":{"line":69,"column":4},"end":{"line":69,"column":null}},"26":{"start":{"line":70,"column":4},"end":{"line":70,"column":null}},"27":{"start":{"line":71,"column":4},"end":{"line":71,"column":null}},"28":{"start":{"line":72,"column":4},"end":{"line":72,"column":null}},"29":{"start":{"line":74,"column":4},"end":{"line":74,"column":null}},"30":{"start":{"line":76,"column":4},"end":{"line":81,"column":null}},"31":{"start":{"line":84,"column":2},"end":{"line":100,"column":null}},"32":{"start":{"line":85,"column":32},"end":{"line":90,"column":null}},"33":{"start":{"line":85,"column":39},"end":{"line":90,"column":null}},"34":{"start":{"line":92,"column":4},"end":{"line":96,"column":null}},"35":{"start":{"line":98,"column":4},"end":{"line":98,"column":null}},"36":{"start":{"line":99,"column":4},"end":{"line":99,"column":null}},"37":{"start":{"line":102,"column":2},"end":{"line":122,"column":null}},"38":{"start":{"line":103,"column":25},"end":{"line":103,"column":null}},"39":{"start":{"line":105,"column":32},"end":{"line":110,"column":null}},"40":{"start":{"line":105,"column":39},"end":{"line":110,"column":null}},"41":{"start":{"line":112,"column":4},"end":{"line":116,"column":null}},"42":{"start":{"line":118,"column":4},"end":{"line":118,"column":null}},"43":{"start":{"line":120,"column":4},"end":{"line":121,"column":null}},"44":{"start":{"line":124,"column":2},"end":{"line":144,"column":null}},"45":{"start":{"line":125,"column":22},"end":{"line":125,"column":null}},"46":{"start":{"line":126,"column":32},"end":{"line":131,"column":null}},"47":{"start":{"line":126,"column":39},"end":{"line":131,"column":null}},"48":{"start":{"line":133,"column":4},"end":{"line":137,"column":null}},"49":{"start":{"line":139,"column":4},"end":{"line":139,"column":null}},"50":{"start":{"line":141,"column":4},"end":{"line":141,"column":null}},"51":{"start":{"line":143,"column":4},"end":{"line":143,"column":null}}},"fnMap":{"0":{"name":"(anonymous_0)","decl":{"start":{"line":5,"column":20},"end":{"line":5,"column":21}},"loc":{"start":{"line":5,"column":38},"end":{"line":7,"column":null}}},"1":{"name":"(anonymous_1)","decl":{"start":{"line":9,"column":22},"end":{"line":9,"column":28}},"loc":{"start":{"line":9,"column":28},"end":{"line":146,"column":1}}},"2":{"name":"(anonymous_2)","decl":{"start":{"line":11,"column":62},"end":{"line":11,"column":68}},"loc":{"start":{"line":11,"column":68},"end":{"line":41,"column":3}}},"3":{"name":"(anonymous_3)","decl":{"start":{"line":14,"column":32},"end":{"line":14,"column":39}},"loc":{"start":{"line":14,"column":39},"end":{"line":19,"column":null}}},"4":{"name":"(anonymous_4)","decl":{"start":{"line":43,"column":62},"end":{"line":43,"column":68}},"loc":{"start":{"line":43,"column":68},"end":{"line":82,"column":3}}},"5":{"name":"(anonymous_5)","decl":{"start":{"line":45,"column":32},"end":{"line":45,"column":39}},"loc":{"start":{"line":45,"column":39},"end":{"line":50,"column":null}}},"6":{"name":"(anonymous_6)","decl":{"start":{"line":84,"column":61},"end":{"line":84,"column":67}},"loc":{"start":{"line":84,"column":67},"end":{"line":100,"column":3}}},"7":{"name":"(anonymous_7)","decl":{"start":{"line":85,"column":32},"end":{"line":85,"column":39}},"loc":{"start":{"line":85,"column":39},"end":{"line":90,"column":null}}},"8":{"name":"(anonymous_8)","decl":{"start":{"line":102,"column":66},"end":{"line":102,"column":72}},"loc":{"start":{"line":102,"column":72},"end":{"line":122,"column":3}}},"9":{"name":"(anonymous_9)","decl":{"start":{"line":105,"column":32},"end":{"line":105,"column":39}},"loc":{"start":{"line":105,"column":39},"end":{"line":110,"column":null}}},"10":{"name":"(anonymous_10)","decl":{"start":{"line":124,"column":67},"end":{"line":124,"column":73}},"loc":{"start":{"line":124,"column":73},"end":{"line":144,"column":3}}},"11":{"name":"(anonymous_11)","decl":{"start":{"line":126,"column":32},"end":{"line":126,"column":39}},"loc":{"start":{"line":126,"column":39},"end":{"line":131,"column":null}}}},"branchMap":{},"s":{"0":6,"1":20,"2":6,"3":6,"4":6,"5":6,"6":156,"7":6,"8":6,"9":6,"10":6,"11":6,"12":6,"13":6,"14":6,"15":6,"16":6,"17":5,"18":5,"19":165,"20":5,"21":5,"22":5,"23":5,"24":5,"25":5,"26":5,"27":5,"28":5,"29":5,"30":5,"31":6,"32":4,"33":4,"34":4,"35":4,"36":4,"37":6,"38":3,"39":3,"40":3,"41":3,"42":3,"43":3,"44":6,"45":2,"46":2,"47":2,"48":2,"49":2,"50":2,"51":2},"f":{"0":20,"1":6,"2":6,"3":156,"4":5,"5":165,"6":4,"7":4,"8":3,"9":3,"10":2,"11":2},"b":{}}
,"C:/Users/lenovo/Documents/веб технології та дизайн/lab 1,2/frontend/src/components/Forms/Forms.jsx": {"path":"C:/Users/lenovo/Documents/веб технології та дизайн/lab 1,2/frontend/src/components/Forms/Forms.jsx","statementMap":{"0":{"start":{"line":15,"column":21},"end":{"line":15,"column":null}},"1":{"start":{"line":17,"column":30},"end":{"line":17,"column":null}},"2":{"start":{"line":18,"column":36},"end":{"line":18,"column":null}},"3":{"start":{"line":19,"column":38},"end":{"line":19,"column":null}},"4":{"start":{"line":20,"column":36},"end":{"line":20,"column":null}},"5":{"start":{"line":27,"column":8},"end":{"line":27,"column":null}},"6":{"start":{"line":30,"column":25},"end":{"line":44,"column":null}},"7":{"start":{"line":31,"column":8},"end":{"line":31,"column":null}},"8":{"start":{"line":33,"column":28},"end":{"line":41,"column":null}},"9":{"start":{"line":43,"column":8},"end":{"line":43,"column":null}},"10":{"start":{"line":46,"column":4},"end":{"line":133,"column":null}},"11":{"start":{"line":72,"column":45},"end":{"line":72,"column":null}},"12":{"start":{"line":83,"column":45},"end":{"line":83,"column":null}},"13":{"start":{"line":96,"column":53},"end":{"line":96,"column":null}},"14":{"start":{"line":106,"column":53},"end":{"line":106,"column":null}}},"fnMap":{"0":{"name":"Forms","decl":{"start":{"line":5,"column":9},"end":{"line":5,"column":15}},"loc":{"start":{"line":13,"column":3},"end":{"line":135,"column":null}}},"1":{"name":"(anonymous_1)","decl":{"start":{"line":30,"column":25},"end":{"line":30,"column":26}},"loc":{"start":{"line":30,"column":32},"end":{"line":44,"column":null}}},"2":{"name":"(anonymous_2)","decl":{"start":{"line":72,"column":38},"end":{"line":72,"column":39}},"loc":{"start":{"line":72,"column":45},"end":{"line":72,"column":null}}},"3":{"name":"(anonymous_3)","decl":{"start":{"line":83,"column":38},"end":{"line":83,"column":39}},"loc":{"start":{"line":83,"column":45},"end":{"line":83,"column":null}}},"4":{"name":"(anonymous_4)","decl":{"start":{"line":96,"column":46},"end":{"line":96,"column":47}},"loc":{"start":{"line":96,"column":53},"end":{"line":96,"column":null}}},"5":{"name":"(anonymous_5)","decl":{"start":{"line":106,"column":46},"end":{"line":106,"column":47}},"loc":{"start":{"line":106,"column":53},"end":{"line":106,"column":null}}}},"branchMap":{"0":{"loc":{"start":{"line":6,"column":4},"end":{"line":6,"column":null}},"type":"default-arg","locations":[{"start":{"line":6,"column":11},"end":{"line":6,"column":null}}]},"1":{"loc":{"start":{"line":7,"column":4},"end":{"line":7,"column":null}},"type":"default-arg","locations":[{"start":{"line":7,"column":12},"end":{"line":7,"column":null}}]},"2":{"loc":{"start":{"line":8,"column":4},"end":{"line":8,"column":null}},"type":"default-arg","locations":[{"start":{"line":8,"column":17},"end":{"line":8,"column":null}}]},"3":{"loc":{"start":{"line":9,"column":4},"end":{"line":9,"column":null}},"type":"default-arg","locations":[{"start":{"line":9,"column":15},"end":{"line":9,"column":null}}]},"4":{"loc":{"start":{"line":10,"column":4},"end":{"line":10,"column":null}},"type":"default-arg","locations":[{"start":{"line":10,"column":15},"end":{"line":10,"column":null}}]},"5":{"loc":{"start":{"line":11,"column":4},"end":{"line":11,"column":null}},"type":"default-arg","locations":[{"start":{"line":11,"column":15},"end":{"line":11,"column":null}}]},"6":{"loc":{"start":{"line":33,"column":28},"end":{"line":41,"column":null}},"type":"cond-expr","locations":[{"start":{"line":33,"column":50},"end":{"line":38,"column":12}},{"start":{"line":38,"column":12},"end":{"line":41,"column":null}}]},"7":{"loc":{"start":{"line":51,"column":17},"end":{"line":61,"column":null}},"type":"binary-expr","locations":[{"start":{"line":51,"column":17},"end":{"line":51,"column":28}},{"start":{"line":51,"column":28},"end":{"line":51,"column":null}},{"start":{"line":52,"column":20},"end":{"line":61,"column":null}}]},"8":{"loc":{"start":{"line":60,"column":25},"end":{"line":60,"column":null}},"type":"binary-expr","locations":[{"start":{"line":60,"column":25},"end":{"line":60,"column":42}},{"start":{"line":60,"column":42},"end":{"line":60,"column":null}}]},"9":{"loc":{"start":{"line":88,"column":21},"end":{"line":110,"column":null}},"type":"binary-expr","locations":[{"start":{"line":88,"column":21},"end":{"line":88,"column":null}},{"start":{"line":89,"column":24},"end":{"line":110,"column":null}}]},"10":{"loc":{"start":{"line":118,"column":25},"end":{"line":118,"column":null}},"type":"cond-expr","locations":[{"start":{"line":118,"column":37},"end":{"line":118,"column":54}},{"start":{"line":118,"column":54},"end":{"line":118,"column":null}}]}},"s":{"0":660,"1":660,"2":660,"3":660,"4":660,"5":660,"6":660,"7":22,"8":22,"9":22,"10":660,"11":288,"12":232,"13":40,"14":60},"f":{"0":660,"1":22,"2":288,"3":232,"4":40,"5":60},"b":{"0":[330],"1":[330],"2":[330],"3":[660],"4":[660],"5":[660],"6":[10,12],"7":[660,6,6],"8":[6,0],"9":[660,330],"10":[8,652]}}
,"C:/Users/lenovo/Documents/веб технології та дизайн/lab 1,2/frontend/src/components/Header/Header.cy.jsx": {"path":"C:/Users/lenovo/Documents/веб технології та дизайн/lab 1,2/frontend/src/components/Header/Header.cy.jsx","statementMap":{"0":{"start":{"line":7,"column":20},"end":{"line":17,"column":null}},"1":{"start":{"line":8,"column":2},"end":{"line":15,"column":null}},"2":{"start":{"line":19,"column":0},"end":{"line":99,"column":null}},"3":{"start":{"line":21,"column":2},"end":{"line":38,"column":null}},"4":{"start":{"line":22,"column":21},"end":{"line":25,"column":null}},"5":{"start":{"line":26,"column":21},"end":{"line":26,"column":null}},"6":{"start":{"line":28,"column":4},"end":{"line":32,"column":null}},"7":{"start":{"line":34,"column":4},"end":{"line":34,"column":null}},"8":{"start":{"line":35,"column":4},"end":{"line":35,"column":null}},"9":{"start":{"line":36,"column":4},"end":{"line":36,"column":null}},"10":{"start":{"line":37,"column":4},"end":{"line":37,"column":null}},"11":{"start":{"line":40,"column":2},"end":{"line":63,"column":null}},"12":{"start":{"line":41,"column":21},"end":{"line":44,"column":null}},"13":{"start":{"line":46,"column":21},"end":{"line":51,"column":null}},"14":{"start":{"line":53,"column":4},"end":{"line":57,"column":null}},"15":{"start":{"line":59,"column":4},"end":{"line":59,"column":null}},"16":{"start":{"line":60,"column":4},"end":{"line":60,"column":null}},"17":{"start":{"line":62,"column":4},"end":{"line":62,"column":null}},"18":{"start":{"line":65,"column":2},"end":{"line":83,"column":null}},"19":{"start":{"line":66,"column":22},"end":{"line":66,"column":null}},"20":{"start":{"line":68,"column":21},"end":{"line":71,"column":null}},"21":{"start":{"line":72,"column":21},"end":{"line":72,"column":null}},"22":{"start":{"line":74,"column":4},"end":{"line":78,"column":null}},"23":{"start":{"line":80,"column":4},"end":{"line":80,"column":null}},"24":{"start":{"line":82,"column":4},"end":{"line":82,"column":null}},"25":{"start":{"line":85,"column":2},"end":{"line":97,"column":null}},"26":{"start":{"line":86,"column":21},"end":{"line":86,"column":null}},"27":{"start":{"line":87,"column":21},"end":{"line":87,"column":null}},"28":{"start":{"line":89,"column":4},"end":{"line":93,"column":null}},"29":{"start":{"line":95,"column":4},"end":{"line":95,"column":null}},"30":{"start":{"line":96,"column":4},"end":{"line":96,"column":null}}},"fnMap":{"0":{"name":"(anonymous_0)","decl":{"start":{"line":7,"column":20},"end":{"line":7,"column":21}},"loc":{"start":{"line":7,"column":60},"end":{"line":17,"column":null}}},"1":{"name":"(anonymous_1)","decl":{"start":{"line":19,"column":23},"end":{"line":19,"column":29}},"loc":{"start":{"line":19,"column":29},"end":{"line":99,"column":1}}},"2":{"name":"(anonymous_2)","decl":{"start":{"line":21,"column":57},"end":{"line":21,"column":63}},"loc":{"start":{"line":21,"column":63},"end":{"line":38,"column":3}}},"3":{"name":"(anonymous_3)","decl":{"start":{"line":40,"column":74},"end":{"line":40,"column":80}},"loc":{"start":{"line":40,"column":80},"end":{"line":63,"column":3}}},"4":{"name":"(anonymous_4)","decl":{"start":{"line":65,"column":51},"end":{"line":65,"column":57}},"loc":{"start":{"line":65,"column":57},"end":{"line":83,"column":3}}},"5":{"name":"(anonymous_5)","decl":{"start":{"line":85,"column":69},"end":{"line":85,"column":75}},"loc":{"start":{"line":85,"column":75},"end":{"line":97,"column":3}}}},"branchMap":{},"s":{"0":5,"1":14,"2":5,"3":5,"4":5,"5":5,"6":5,"7":5,"8":5,"9":5,"10":5,"11":5,"12":4,"13":4,"14":4,"15":4,"16":4,"17":4,"18":5,"19":3,"20":3,"21":3,"22":3,"23":3,"24":3,"25":5,"26":2,"27":2,"28":2,"29":2,"30":2},"f":{"0":14,"1":5,"2":5,"3":4,"4":3,"5":2},"b":{}}
,"C:/Users/lenovo/Documents/веб технології та дизайн/lab 1,2/frontend/src/components/Header/Header.jsx": {"path":"C:/Users/lenovo/Documents/веб технології та дизайн/lab 1,2/frontend/src/components/Header/Header.jsx","statementMap":{"0":{"start":{"line":7,"column":34},"end":{"line":7,"column":null}},"1":{"start":{"line":8,"column":24},"end":{"line":8,"column":null}},"2":{"start":{"line":9,"column":19},"end":{"line":9,"column":null}},"3":{"start":{"line":11,"column":23},"end":{"line":19,"column":null}},"4":{"start":{"line":12,"column":4},"end":{"line":12,"column":null}},"5":{"start":{"line":13,"column":4},"end":{"line":18,"column":null}},"6":{"start":{"line":14,"column":6},"end":{"line":14,"column":null}},"7":{"start":{"line":15,"column":6},"end":{"line":15,"column":null}},"8":{"start":{"line":17,"column":6},"end":{"line":17,"column":null}},"9":{"start":{"line":21,"column":21},"end":{"line":21,"column":null}},"10":{"start":{"line":21,"column":55},"end":{"line":21,"column":78}},"11":{"start":{"line":23,"column":2},"end":{"line":46,"column":null}}},"fnMap":{"0":{"name":"Header","decl":{"start":{"line":6,"column":9},"end":{"line":6,"column":18}},"loc":{"start":{"line":6,"column":18},"end":{"line":48,"column":null}}},"1":{"name":"(anonymous_1)","decl":{"start":{"line":11,"column":23},"end":{"line":11,"column":30}},"loc":{"start":{"line":11,"column":36},"end":{"line":19,"column":null}}},"2":{"name":"(anonymous_2)","decl":{"start":{"line":21,"column":38},"end":{"line":21,"column":39}},"loc":{"start":{"line":21,"column":55},"end":{"line":21,"column":78}}}},"branchMap":{"0":{"loc":{"start":{"line":29,"column":9},"end":{"line":34,"column":null}},"type":"cond-expr","locations":[{"start":{"line":30,"column":10},"end":{"line":32,"column":null}},{"start":{"line":34,"column":10},"end":{"line":34,"column":null}}]},"1":{"loc":{"start":{"line":39,"column":9},"end":{"line":42,"column":null}},"type":"binary-expr","locations":[{"start":{"line":39,"column":9},"end":{"line":39,"column":null}},{"start":{"line":40,"column":12},"end":{"line":42,"column":null}}]}},"s":{"0":34,"1":34,"2":34,"3":34,"4":6,"5":6,"6":6,"7":6,"8":0,"9":34,"10":16,"11":34},"f":{"0":34,"1":6,"2":16},"b":{"0":[20,14],"1":[34,20]}}
,"C:/Users/lenovo/Documents/веб технології та дизайн/lab 1,2/frontend/src/components/ProductModal/ProductModal.cy.jsx": {"path":"C:/Users/lenovo/Documents/веб технології та дизайн/lab 1,2/frontend/src/components/ProductModal/ProductModal.cy.jsx","statementMap":{"0":{"start":{"line":5,"column":20},"end":{"line":11,"column":null}},"1":{"start":{"line":6,"column":2},"end":{"line":9,"column":null}},"2":{"start":{"line":13,"column":0},"end":{"line":83,"column":null}},"3":{"start":{"line":15,"column":22},"end":{"line":20,"column":null}},"4":{"start":{"line":22,"column":2},"end":{"line":37,"column":null}},"5":{"start":{"line":23,"column":21},"end":{"line":23,"column":null}},"6":{"start":{"line":24,"column":23},"end":{"line":24,"column":null}},"7":{"start":{"line":26,"column":4},"end":{"line":30,"column":null}},"8":{"start":{"line":32,"column":4},"end":{"line":32,"column":null}},"9":{"start":{"line":33,"column":4},"end":{"line":33,"column":null}},"10":{"start":{"line":34,"column":4},"end":{"line":36,"column":null}},"11":{"start":{"line":39,"column":2},"end":{"line":56,"column":null}},"12":{"start":{"line":40,"column":23},"end":{"line":40,"column":null}},"13":{"start":{"line":41,"column":23},"end":{"line":41,"column":null}},"14":{"start":{"line":43,"column":21},"end":{"line":43,"column":null}},"15":{"start":{"line":45,"column":4},"end":{"line":49,"column":null}},"16":{"start":{"line":51,"column":4},"end":{"line":51,"column":null}},"17":{"start":{"line":53,"column":4},"end":{"line":53,"column":null}},"18":{"start":{"line":55,"column":4},"end":{"line":55,"column":null}},"19":{"start":{"line":58,"column":2},"end":{"line":81,"column":null}},"20":{"start":{"line":59,"column":23},"end":{"line":59,"column":null}},"21":{"start":{"line":60,"column":21},"end":{"line":60,"column":null}},"22":{"start":{"line":62,"column":4},"end":{"line":66,"column":null}},"23":{"start":{"line":68,"column":4},"end":{"line":68,"column":null}},"24":{"start":{"line":69,"column":4},"end":{"line":69,"column":null}},"25":{"start":{"line":72,"column":4},"end":{"line":74,"column":null}},"26":{"start":{"line":73,"column":8},"end":{"line":73,"column":null}},"27":{"start":{"line":76,"column":4},"end":{"line":76,"column":null}},"28":{"start":{"line":77,"column":4},"end":{"line":77,"column":null}},"29":{"start":{"line":79,"column":4},"end":{"line":79,"column":null}},"30":{"start":{"line":80,"column":4},"end":{"line":80,"column":null}}},"fnMap":{"0":{"name":"(anonymous_0)","decl":{"start":{"line":5,"column":20},"end":{"line":5,"column":21}},"loc":{"start":{"line":5,"column":49},"end":{"line":11,"column":null}}},"1":{"name":"(anonymous_1)","decl":{"start":{"line":13,"column":29},"end":{"line":13,"column":35}},"loc":{"start":{"line":13,"column":35},"end":{"line":83,"column":1}}},"2":{"name":"(anonymous_2)","decl":{"start":{"line":22,"column":66},"end":{"line":22,"column":72}},"loc":{"start":{"line":22,"column":72},"end":{"line":37,"column":3}}},"3":{"name":"(anonymous_3)","decl":{"start":{"line":39,"column":61},"end":{"line":39,"column":67}},"loc":{"start":{"line":39,"column":67},"end":{"line":56,"column":3}}},"4":{"name":"(anonymous_4)","decl":{"start":{"line":58,"column":72},"end":{"line":58,"column":78}},"loc":{"start":{"line":58,"column":78},"end":{"line":81,"column":3}}},"5":{"name":"(anonymous_5)","decl":{"start":{"line":72,"column":29},"end":{"line":72,"column":30}},"loc":{"start":{"line":72,"column":38},"end":{"line":74,"column":5}}}},"branchMap":{},"s":{"0":4,"1":9,"2":4,"3":4,"4":4,"5":4,"6":4,"7":4,"8":4,"9":4,"10":4,"11":4,"12":3,"13":3,"14":3,"15":3,"16":3,"17":3,"18":3,"19":4,"20":2,"21":2,"22":2,"23":2,"24":2,"25":2,"26":2,"27":2,"28":2,"29":2,"30":2},"f":{"0":9,"1":4,"2":4,"3":3,"4":2,"5":2},"b":{}}
,"C:/Users/lenovo/Documents/веб технології та дизайн/lab 1,2/frontend/src/components/ProductModal/ProductModal.jsx": {"path":"C:/Users/lenovo/Documents/веб технології та дизайн/lab 1,2/frontend/src/components/ProductModal/ProductModal.jsx","statementMap":{"0":{"start":{"line":5,"column":24},"end":{"line":5,"column":null}},"1":{"start":{"line":7,"column":28},"end":{"line":10,"column":null}},"2":{"start":{"line":8,"column":8},"end":{"line":8,"column":null}},"3":{"start":{"line":9,"column":8},"end":{"line":9,"column":null}},"4":{"start":{"line":12,"column":4},"end":{"line":30,"column":null}},"5":{"start":{"line":14,"column":65},"end":{"line":14,"column":null}}},"fnMap":{"0":{"name":"ProductModal","decl":{"start":{"line":4,"column":9},"end":{"line":4,"column":22}},"loc":{"start":{"line":4,"column":44},"end":{"line":32,"column":null}}},"1":{"name":"(anonymous_1)","decl":{"start":{"line":7,"column":28},"end":{"line":7,"column":34}},"loc":{"start":{"line":7,"column":34},"end":{"line":10,"column":null}}},"2":{"name":"(anonymous_2)","decl":{"start":{"line":14,"column":58},"end":{"line":14,"column":59}},"loc":{"start":{"line":14,"column":65},"end":{"line":14,"column":null}}}},"branchMap":{},"s":{"0":18,"1":18,"2":6,"3":6,"4":18,"5":14},"f":{"0":18,"1":6,"2":14},"b":{}}
,"C:/Users/lenovo/Documents/веб технології та дизайн/lab 1,2/frontend/src/components/Slider/Slider.cy.jsx": {"path":"C:/Users/lenovo/Documents/веб технології та дизайн/lab 1,2/frontend/src/components/Slider/Slider.cy.jsx","statementMap":{"0":{"start":{"line":5,"column":0},"end":{"line":61,"column":null}},"1":{"start":{"line":7,"column":2},"end":{"line":21,"column":null}},"2":{"start":{"line":8,"column":4},"end":{"line":12,"column":null}},"3":{"start":{"line":14,"column":4},"end":{"line":14,"column":null}},"4":{"start":{"line":16,"column":4},"end":{"line":16,"column":null}},"5":{"start":{"line":18,"column":4},"end":{"line":20,"column":null}},"6":{"start":{"line":23,"column":2},"end":{"line":35,"column":null}},"7":{"start":{"line":24,"column":4},"end":{"line":28,"column":null}},"8":{"start":{"line":30,"column":22},"end":{"line":30,"column":null}},"9":{"start":{"line":32,"column":4},"end":{"line":32,"column":null}},"10":{"start":{"line":34,"column":4},"end":{"line":34,"column":null}},"11":{"start":{"line":37,"column":2},"end":{"line":47,"column":null}},"12":{"start":{"line":38,"column":4},"end":{"line":42,"column":null}},"13":{"start":{"line":44,"column":4},"end":{"line":44,"column":null}},"14":{"start":{"line":46,"column":4},"end":{"line":46,"column":null}},"15":{"start":{"line":49,"column":2},"end":{"line":59,"column":null}},"16":{"start":{"line":50,"column":4},"end":{"line":54,"column":null}},"17":{"start":{"line":56,"column":4},"end":{"line":58,"column":null}}},"fnMap":{"0":{"name":"(anonymous_0)","decl":{"start":{"line":5,"column":23},"end":{"line":5,"column":29}},"loc":{"start":{"line":5,"column":29},"end":{"line":61,"column":1}}},"1":{"name":"(anonymous_1)","decl":{"start":{"line":7,"column":58},"end":{"line":7,"column":64}},"loc":{"start":{"line":7,"column":64},"end":{"line":21,"column":3}}},"2":{"name":"(anonymous_2)","decl":{"start":{"line":23,"column":52},"end":{"line":23,"column":58}},"loc":{"start":{"line":23,"column":58},"end":{"line":35,"column":3}}},"3":{"name":"(anonymous_3)","decl":{"start":{"line":37,"column":50},"end":{"line":37,"column":56}},"loc":{"start":{"line":37,"column":56},"end":{"line":47,"column":3}}},"4":{"name":"(anonymous_4)","decl":{"start":{"line":49,"column":48},"end":{"line":49,"column":54}},"loc":{"start":{"line":49,"column":54},"end":{"line":59,"column":3}}}},"branchMap":{},"s":{"0":5,"1":5,"2":5,"3":5,"4":5,"5":5,"6":5,"7":4,"8":4,"9":4,"10":4,"11":5,"12":3,"13":3,"14":3,"15":5,"16":2,"17":2},"f":{"0":5,"1":5,"2":4,"3":3,"4":2},"b":{}}
,"C:/Users/lenovo/Documents/веб технології та дизайн/lab 1,2/frontend/src/components/Slider/Slider.jsx": {"path":"C:/Users/lenovo/Documents/веб технології та дизайн/lab 1,2/frontend/src/components/Slider/Slider.jsx","statementMap":{"0":{"start":{"line":6,"column":18},"end":{"line":11,"column":null}},"1":{"start":{"line":14,"column":22},"end":{"line":14,"column":null}},"2":{"start":{"line":15,"column":2},"end":{"line":18,"column":null}},"3":{"start":{"line":23,"column":22},"end":{"line":23,"column":null}},"4":{"start":{"line":24,"column":2},"end":{"line":27,"column":null}},"5":{"start":{"line":32,"column":19},"end":{"line":41,"column":null}},"6":{"start":{"line":43,"column":2},"end":{"line":65,"column":null}},"7":{"start":{"line":55,"column":10},"end":{"line":58,"column":null}}},"fnMap":{"0":{"name":"PrevArrow","decl":{"start":{"line":13,"column":9},"end":{"line":13,"column":19}},"loc":{"start":{"line":13,"column":26},"end":{"line":20,"column":null}}},"1":{"name":"NextArrow","decl":{"start":{"line":22,"column":9},"end":{"line":22,"column":19}},"loc":{"start":{"line":22,"column":26},"end":{"line":29,"column":null}}},"2":{"name":"Slider","decl":{"start":{"line":31,"column":9},"end":{"line":31,"column":18}},"loc":{"start":{"line":31,"column":18},"end":{"line":67,"column":null}}},"3":{"name":"(anonymous_3)","decl":{"start":{"line":54,"column":23},"end":{"line":54,"column":24}},"loc":{"start":{"line":55,"column":10},"end":{"line":58,"column":null}}}},"branchMap":{},"s":{"0":10,"1":40,"2":40,"3":40,"4":40,"5":28,"6":28,"7":112},"f":{"0":40,"1":40,"2":28,"3":112},"b":{}}
,"C:/Users/lenovo/Documents/веб технології та дизайн/lab 1,2/frontend/src/context/AuthContext.jsx": {"path":"C:/Users/lenovo/Documents/веб технології та дизайн/lab 1,2/frontend/src/context/AuthContext.jsx","statementMap":{"0":{"start":{"line":5,"column":27},"end":{"line":5,"column":null}},"1":{"start":{"line":7,"column":28},"end":{"line":34,"column":null}},"2":{"start":{"line":8,"column":42},"end":{"line":8,"column":null}},"3":{"start":{"line":9,"column":34},"end":{"line":9,"column":null}},"4":{"start":{"line":11,"column":4},"end":{"line":18,"column":null}},"5":{"start":{"line":12,"column":28},"end":{"line":15,"column":null}},"6":{"start":{"line":13,"column":12},"end":{"line":13,"column":null}},"7":{"start":{"line":14,"column":12},"end":{"line":14,"column":null}},"8":{"start":{"line":17,"column":8},"end":{"line":17,"column":null}},"9":{"start":{"line":17,"column":21},"end":{"line":17,"column":null}},"10":{"start":{"line":20,"column":19},"end":{"line":22,"column":null}},"11":{"start":{"line":21,"column":8},"end":{"line":21,"column":null}},"12":{"start":{"line":24,"column":18},"end":{"line":27,"column":null}},"13":{"start":{"line":29,"column":4},"end":{"line":32,"column":null}},"14":{"start":{"line":36,"column":23},"end":{"line":38,"column":null}},"15":{"start":{"line":37,"column":4},"end":{"line":37,"column":null}}},"fnMap":{"0":{"name":"(anonymous_0)","decl":{"start":{"line":7,"column":28},"end":{"line":7,"column":29}},"loc":{"start":{"line":7,"column":46},"end":{"line":34,"column":null}}},"1":{"name":"(anonymous_1)","decl":{"start":{"line":11,"column":14},"end":{"line":11,"column":20}},"loc":{"start":{"line":11,"column":20},"end":{"line":18,"column":7}}},"2":{"name":"(anonymous_2)","decl":{"start":{"line":12,"column":53},"end":{"line":12,"column":54}},"loc":{"start":{"line":12,"column":63},"end":{"line":15,"column":9}}},"3":{"name":"(anonymous_3)","decl":{"start":{"line":17,"column":15},"end":{"line":17,"column":21}},"loc":{"start":{"line":17,"column":21},"end":{"line":17,"column":null}}},"4":{"name":"(anonymous_4)","decl":{"start":{"line":20,"column":19},"end":{"line":20,"column":25}},"loc":{"start":{"line":20,"column":25},"end":{"line":22,"column":null}}},"5":{"name":"(anonymous_5)","decl":{"start":{"line":36,"column":23},"end":{"line":36,"column":29}},"loc":{"start":{"line":36,"column":29},"end":{"line":38,"column":null}}}},"branchMap":{"0":{"loc":{"start":{"line":31,"column":13},"end":{"line":31,"column":null}},"type":"binary-expr","locations":[{"start":{"line":31,"column":13},"end":{"line":31,"column":25}},{"start":{"line":31,"column":25},"end":{"line":31,"column":null}}]}},"s":{"0":9,"1":9,"2":0,"3":0,"4":0,"5":0,"6":0,"7":0,"8":0,"9":0,"10":0,"11":0,"12":0,"13":0,"14":9,"15":17},"f":{"0":0,"1":0,"2":0,"3":0,"4":0,"5":17},"b":{"0":[0,0]}}
,"C:/Users/lenovo/Documents/веб технології та дизайн/lab 1,2/frontend/src/context/CartContext.jsx": {"path":"C:/Users/lenovo/Documents/веб технології та дизайн/lab 1,2/frontend/src/context/CartContext.jsx","statementMap":{"0":{"start":{"line":6,"column":27},"end":{"line":6,"column":null}},"1":{"start":{"line":8,"column":28},"end":{"line":87,"column":null}},"2":{"start":{"line":9,"column":28},"end":{"line":9,"column":null}},"3":{"start":{"line":10,"column":38},"end":{"line":10,"column":null}},"4":{"start":{"line":11,"column":34},"end":{"line":11,"column":null}},"5":{"start":{"line":13,"column":22},"end":{"line":25,"column":null}},"6":{"start":{"line":14,"column":8},"end":{"line":14,"column":null}},"7":{"start":{"line":15,"column":24},"end":{"line":15,"column":null}},"8":{"start":{"line":16,"column":24},"end":{"line":16,"column":null}},"9":{"start":{"line":18,"column":8},"end":{"line":23,"column":null}},"10":{"start":{"line":19,"column":12},"end":{"line":19,"column":null}},"11":{"start":{"line":21,"column":12},"end":{"line":21,"column":null}},"12":{"start":{"line":22,"column":12},"end":{"line":22,"column":null}},"13":{"start":{"line":24,"column":8},"end":{"line":24,"column":null}},"14":{"start":{"line":27,"column":4},"end":{"line":34,"column":null}},"15":{"start":{"line":28,"column":8},"end":{"line":33,"column":null}},"16":{"start":{"line":29,"column":12},"end":{"line":29,"column":null}},"17":{"start":{"line":31,"column":12},"end":{"line":31,"column":null}},"18":{"start":{"line":32,"column":12},"end":{"line":32,"column":null}},"19":{"start":{"line":36,"column":34},"end":{"line":44,"column":null}},"20":{"start":{"line":37,"column":8},"end":{"line":37,"column":null}},"21":{"start":{"line":37,"column":26},"end":{"line":37,"column":null}},"22":{"start":{"line":38,"column":24},"end":{"line":38,"column":null}},"23":{"start":{"line":39,"column":8},"end":{"line":43,"column":null}},"24":{"start":{"line":40,"column":12},"end":{"line":40,"column":null}},"25":{"start":{"line":42,"column":12},"end":{"line":42,"column":null}},"26":{"start":{"line":46,"column":20},"end":{"line":65,"column":null}},"27":{"start":{"line":47,"column":8},"end":{"line":50,"column":null}},"28":{"start":{"line":48,"column":12},"end":{"line":48,"column":null}},"29":{"start":{"line":49,"column":12},"end":{"line":49,"column":null}},"30":{"start":{"line":53,"column":29},"end":{"line":53,"column":null}},"31":{"start":{"line":53,"column":52},"end":{"line":53,"column":74}},"32":{"start":{"line":55,"column":8},"end":{"line":61,"column":null}},"33":{"start":{"line":56,"column":12},"end":{"line":58,"column":null}},"34":{"start":{"line":57,"column":16},"end":{"line":57,"column":null}},"35":{"start":{"line":60,"column":12},"end":{"line":60,"column":null}},"36":{"start":{"line":63,"column":8},"end":{"line":63,"column":null}},"37":{"start":{"line":64,"column":8},"end":{"line":64,"column":null}},"38":{"start":{"line":67,"column":23},"end":{"line":72,"column":null}},"39":{"start":{"line":68,"column":25},"end":{"line":68,"column":null}},"40":{"start":{"line":68,"column":50},"end":{"line":68,"column":71}},"41":{"start":{"line":70,"column":8},"end":{"line":70,"column":null}},"42":{"start":{"line":71,"column":8},"end":{"line":71,"column":null}},"43":{"start":{"line":75,"column":18},"end":{"line":80,"column":null}},"44":{"start":{"line":82,"column":4},"end":{"line":85,"column":null}},"45":{"start":{"line":89,"column":23},"end":{"line":91,"column":null}},"46":{"start":{"line":90,"column":4},"end":{"line":90,"column":null}}},"fnMap":{"0":{"name":"(anonymous_0)","decl":{"start":{"line":8,"column":28},"end":{"line":8,"column":29}},"loc":{"start":{"line":8,"column":46},"end":{"line":87,"column":null}}},"1":{"name":"(anonymous_1)","decl":{"start":{"line":13,"column":22},"end":{"line":13,"column":29}},"loc":{"start":{"line":13,"column":40},"end":{"line":25,"column":null}}},"2":{"name":"(anonymous_2)","decl":{"start":{"line":27,"column":14},"end":{"line":27,"column":20}},"loc":{"start":{"line":27,"column":20},"end":{"line":34,"column":7}}},"3":{"name":"(anonymous_3)","decl":{"start":{"line":36,"column":34},"end":{"line":36,"column":41}},"loc":{"start":{"line":36,"column":54},"end":{"line":44,"column":null}}},"4":{"name":"(anonymous_4)","decl":{"start":{"line":46,"column":20},"end":{"line":46,"column":21}},"loc":{"start":{"line":46,"column":33},"end":{"line":65,"column":null}}},"5":{"name":"(anonymous_5)","decl":{"start":{"line":53,"column":44},"end":{"line":53,"column":52}},"loc":{"start":{"line":53,"column":52},"end":{"line":53,"column":74}}},"6":{"name":"(anonymous_6)","decl":{"start":{"line":56,"column":37},"end":{"line":56,"column":null}},"loc":{"start":{"line":57,"column":16},"end":{"line":57,"column":null}}},"7":{"name":"(anonymous_7)","decl":{"start":{"line":67,"column":23},"end":{"line":67,"column":24}},"loc":{"start":{"line":67,"column":38},"end":{"line":72,"column":null}}},"8":{"name":"(anonymous_8)","decl":{"start":{"line":68,"column":42},"end":{"line":68,"column":50}},"loc":{"start":{"line":68,"column":50},"end":{"line":68,"column":71}}},"9":{"name":"(anonymous_9)","decl":{"start":{"line":89,"column":23},"end":{"line":89,"column":29}},"loc":{"start":{"line":89,"column":29},"end":{"line":91,"column":null}}}},"branchMap":{"0":{"loc":{"start":{"line":18,"column":8},"end":{"line":23,"column":null}},"type":"if","locations":[{"start":{"line":18,"column":8},"end":{"line":23,"column":null}},{"start":{"line":20,"column":15},"end":{"line":23,"column":null}}]},"1":{"loc":{"start":{"line":19,"column":25},"end":{"line":19,"column":51}},"type":"binary-expr","locations":[{"start":{"line":19,"column":25},"end":{"line":19,"column":49}},{"start":{"line":19,"column":49},"end":{"line":19,"column":51}}]},"2":{"loc":{"start":{"line":28,"column":8},"end":{"line":33,"column":null}},"type":"if","locations":[{"start":{"line":28,"column":8},"end":{"line":33,"column":null}},{"start":{"line":30,"column":15},"end":{"line":33,"column":null}}]},"3":{"loc":{"start":{"line":37,"column":8},"end":{"line":37,"column":null}},"type":"if","locations":[{"start":{"line":37,"column":8},"end":{"line":37,"column":null}}]},"4":{"loc":{"start":{"line":47,"column":8},"end":{"line":50,"column":null}},"type":"if","locations":[{"start":{"line":47,"column":8},"end":{"line":50,"column":null}}]},"5":{"loc":{"start":{"line":55,"column":8},"end":{"line":61,"column":null}},"type":"if","locations":[{"start":{"line":55,"column":8},"end":{"line":61,"column":null}},{"start":{"line":59,"column":15},"end":{"line":61,"column":null}}]},"6":{"loc":{"start":{"line":57,"column":16},"end":{"line":57,"column":null}},"type":"cond-expr","locations":[{"start":{"line":57,"column":41},"end":{"line":57,"column":84}},{"start":{"line":57,"column":84},"end":{"line":57,"column":null}}]},"7":{"loc":{"start":{"line":84,"column":13},"end":{"line":84,"column":null}},"type":"binary-expr","locations":[{"start":{"line":84,"column":13},"end":{"line":84,"column":25}},{"start":{"line":84,"column":25},"end":{"line":84,"column":null}}]}},"s":{"0":9,"1":9,"2":0,"3":0,"4":0,"5":0,"6":0,"7":0,"8":0,"9":0,"10":0,"11":0,"12":0,"13":0,"14":0,"15":0,"16":0,"17":0,"18":0,"19":0,"20":0,"21":0,"22":0,"23":0,"24":0,"25":0,"26":0,"27":0,"28":0,"29":0,"30":0,"31":0,"32":0,"33":0,"34":0,"35":0,"36":0,"37":0,"38":0,"39":0,"40":0,"41":0,"42":0,"43":0,"44":0,"45":9,"46":26},"f":{"0":0,"1":0,"2":0,"3":0,"4":0,"5":0,"6":0,"7":0,"8":0,"9":26},"b":{"0":[0,0],"1":[0,0],"2":[0,0],"3":[0],"4":[0],"5":[0,0],"6":[0,0],"7":[0,0]}}
}
