TN:
SF:cypress\support\commands.js
FN:27,(anonymous_0)
FN:34,(anonymous_1)
FN:35,(anonymous_2)
FNF:3
FNH:0
FNDA:0,(anonymous_0)
FNDA:0,(anonymous_1)
FNDA:0,(anonymous_2)
DA:27,37
DA:29,0
DA:30,0
DA:31,0
DA:34,0
DA:35,0
DA:36,0
DA:37,0
DA:38,0
DA:39,0
LF:10
LH:1
BRF:0
BRH:0
end_of_record
TN:
SF:cypress\support\component.js
FN:23,(anonymous_0)
FNF:1
FNH:1
FNDA:90,(anonymous_0)
DA:23,37
DA:24,90
DA:27,37
LF:3
LH:3
BRF:0
BRH:0
end_of_record
TN:
SF:src\Firebase.jsx
FNF:0
FNH:0
DA:9,15
DA:19,15
DA:21,15
DA:22,15
LF:4
LH:4
BRF:0
BRH:0
end_of_record
TN:
SF:src\components\Banner\Banner.cy.jsx
FN:4,(anonymous_0)
FN:6,(anonymous_1)
FN:18,(anonymous_2)
FNF:3
FNH:3
FNDA:3,(anonymous_0)
FNDA:3,(anonymous_1)
FNDA:2,(anonymous_2)
DA:4,3
DA:6,3
DA:7,3
DA:8,3
DA:10,3
DA:12,3
DA:18,3
DA:19,2
DA:21,2
LF:9
LH:9
BRF:0
BRH:0
end_of_record
TN:
SF:src\components\Banner\Banner.jsx
FN:3,Banner
FNF:1
FNH:1
FNDA:5,Banner
DA:4,5
LF:1
LH:1
BRF:0
BRH:0
end_of_record
TN:
SF:src\components\Button\BackButton.cy.jsx
FN:4,(anonymous_0)
FN:6,(anonymous_1)
FN:14,(anonymous_2)
FN:17,(anonymous_3)
FN:26,(anonymous_4)
FNF:5
FNH:5
FNDA:4,(anonymous_0)
FNDA:4,(anonymous_1)
FNDA:3,(anonymous_2)
FNDA:3,(anonymous_3)
FNDA:2,(anonymous_4)
DA:4,4
DA:6,4
DA:7,4
DA:9,4
DA:14,4
DA:15,3
DA:17,3
DA:18,3
DA:21,3
DA:23,3
DA:26,4
DA:27,2
DA:29,2
LF:13
LH:13
BRF:0
BRH:0
end_of_record
TN:
SF:src\components\Button\BackButton.jsx
FN:3,BackButton
FN:8,(anonymous_1)
FNF:2
FNH:2
FNDA:9,BackButton
FNDA:3,(anonymous_1)
DA:4,9
DA:8,3
LF:2
LH:2
BRF:0
BRH:0
end_of_record
TN:
SF:src\components\Footer\Footer.cy.jsx
FN:5,(anonymous_0)
FN:7,(anonymous_1)
FN:23,(anonymous_2)
FN:37,(anonymous_3)
FNF:4
FNH:4
FNDA:4,(anonymous_0)
FNDA:4,(anonymous_1)
FNDA:3,(anonymous_2)
FNDA:2,(anonymous_3)
DA:5,4
DA:7,4
DA:8,4
DA:14,4
DA:16,4
DA:18,4
DA:19,4
DA:20,4
DA:23,4
DA:24,3
DA:30,3
DA:37,4
DA:38,2
DA:43,2
DA:47,2
DA:52,2
LF:16
LH:16
BRF:0
BRH:0
end_of_record
TN:
SF:src\components\Footer\Footer.jsx
FN:4,Footer
FNF:1
FNH:1
FNDA:11,Footer
DA:5,11
LF:1
LH:1
BRDA:7,0,0,2
BRDA:7,0,1,9
BRF:2
BRH:2
end_of_record
TN:
SF:src\components\Forms\Forms.cy.jsx
FN:5,(anonymous_0)
FN:9,(anonymous_1)
FN:11,(anonymous_2)
FN:14,(anonymous_3)
FN:43,(anonymous_4)
FN:45,(anonymous_5)
FN:84,(anonymous_6)
FN:85,(anonymous_7)
FN:102,(anonymous_8)
FN:105,(anonymous_9)
FN:124,(anonymous_10)
FN:126,(anonymous_11)
FNF:12
FNH:12
FNDA:20,(anonymous_0)
FNDA:6,(anonymous_1)
FNDA:6,(anonymous_2)
FNDA:156,(anonymous_3)
FNDA:5,(anonymous_4)
FNDA:165,(anonymous_5)
FNDA:4,(anonymous_6)
FNDA:4,(anonymous_7)
FNDA:3,(anonymous_8)
FNDA:3,(anonymous_9)
FNDA:2,(anonymous_10)
FNDA:2,(anonymous_11)
DA:5,6
DA:6,20
DA:9,6
DA:11,6
DA:12,6
DA:14,156
DA:21,6
DA:27,6
DA:28,6
DA:29,6
DA:30,6
DA:32,6
DA:33,6
DA:35,6
DA:37,6
DA:43,6
DA:44,5
DA:45,165
DA:52,5
DA:63,5
DA:64,5
DA:66,5
DA:67,5
DA:69,5
DA:70,5
DA:71,5
DA:72,5
DA:74,5
DA:76,5
DA:84,6
DA:85,4
DA:92,4
DA:98,4
DA:99,4
DA:102,6
DA:103,3
DA:105,3
DA:112,3
DA:118,3
DA:120,3
DA:124,6
DA:125,2
DA:126,2
DA:133,2
DA:139,2
DA:141,2
DA:143,2
LF:47
LH:47
BRF:0
BRH:0
end_of_record
TN:
SF:src\components\Forms\Forms.jsx
FN:5,Forms
FN:30,(anonymous_1)
FN:72,(anonymous_2)
FN:83,(anonymous_3)
FN:96,(anonymous_4)
FN:106,(anonymous_5)
FNF:6
FNH:6
FNDA:330,Forms
FNDA:11,(anonymous_1)
FNDA:144,(anonymous_2)
FNDA:116,(anonymous_3)
FNDA:20,(anonymous_4)
FNDA:30,(anonymous_5)
DA:15,330
DA:17,330
DA:18,330
DA:19,330
DA:20,330
DA:27,330
DA:30,330
DA:31,11
DA:33,11
DA:43,11
DA:46,330
DA:72,144
DA:83,116
DA:96,20
DA:106,30
LF:15
LH:15
BRDA:6,0,0,165
BRDA:7,1,0,165
BRDA:8,2,0,165
BRDA:9,3,0,330
BRDA:10,4,0,330
BRDA:11,5,0,330
BRDA:33,6,0,5
BRDA:33,6,1,6
BRDA:51,7,0,330
BRDA:51,7,1,3
BRDA:51,7,2,3
BRDA:60,8,0,3
BRDA:60,8,1,0
BRDA:88,9,0,330
BRDA:88,9,1,165
BRDA:118,10,0,4
BRDA:118,10,1,326
BRF:17
BRH:16
end_of_record
TN:
SF:src\components\Header\Header.cy.jsx
FN:7,(anonymous_0)
FN:19,(anonymous_1)
FN:21,(anonymous_2)
FN:40,(anonymous_3)
FN:65,(anonymous_4)
FN:85,(anonymous_5)
FNF:6
FNH:6
FNDA:14,(anonymous_0)
FNDA:5,(anonymous_1)
FNDA:5,(anonymous_2)
FNDA:4,(anonymous_3)
FNDA:3,(anonymous_4)
FNDA:2,(anonymous_5)
DA:7,5
DA:8,14
DA:19,5
DA:21,5
DA:22,5
DA:26,5
DA:28,5
DA:34,5
DA:35,5
DA:36,5
DA:37,5
DA:40,5
DA:41,4
DA:46,4
DA:53,4
DA:59,4
DA:60,4
DA:62,4
DA:65,5
DA:66,3
DA:68,3
DA:72,3
DA:74,3
DA:80,3
DA:82,3
DA:85,5
DA:86,2
DA:87,2
DA:89,2
DA:95,2
DA:96,2
LF:31
LH:31
BRF:0
BRH:0
end_of_record
TN:
SF:src\components\Header\Header.jsx
FN:6,Header
FN:11,(anonymous_1)
FN:21,(anonymous_2)
FNF:3
FNH:3
FNDA:17,Header
FNDA:3,(anonymous_1)
FNDA:8,(anonymous_2)
DA:7,17
DA:8,17
DA:9,17
DA:11,17
DA:12,3
DA:13,3
DA:14,3
DA:15,3
DA:17,0
DA:21,17
DA:23,17
LF:11
LH:10
BRDA:29,0,0,10
BRDA:29,0,1,7
BRDA:39,1,0,17
BRDA:39,1,1,10
BRF:4
BRH:4
end_of_record
TN:
SF:src\components\ProductModal\ProductModal.cy.jsx
FN:5,(anonymous_0)
FN:13,(anonymous_1)
FN:22,(anonymous_2)
FN:39,(anonymous_3)
FN:58,(anonymous_4)
FN:72,(anonymous_5)
FNF:6
FNH:6
FNDA:9,(anonymous_0)
FNDA:4,(anonymous_1)
FNDA:4,(anonymous_2)
FNDA:3,(anonymous_3)
FNDA:2,(anonymous_4)
FNDA:2,(anonymous_5)
DA:5,4
DA:6,9
DA:13,4
DA:15,4
DA:22,4
DA:23,4
DA:24,4
DA:26,4
DA:32,4
DA:33,4
DA:34,4
DA:39,4
DA:40,3
DA:41,3
DA:43,3
DA:45,3
DA:51,3
DA:53,3
DA:55,3
DA:58,4
DA:59,2
DA:60,2
DA:62,2
DA:68,2
DA:69,2
DA:72,2
DA:73,2
DA:76,2
DA:77,2
DA:79,2
DA:80,2
LF:31
LH:31
BRF:0
BRH:0
end_of_record
TN:
SF:src\components\ProductModal\ProductModal.jsx
FN:4,ProductModal
FN:7,(anonymous_1)
FN:14,(anonymous_2)
FNF:3
FNH:3
FNDA:9,ProductModal
FNDA:3,(anonymous_1)
FNDA:7,(anonymous_2)
DA:5,9
DA:7,9
DA:8,3
DA:9,3
DA:12,9
DA:14,7
LF:6
LH:6
BRF:0
BRH:0
end_of_record
TN:
SF:src\components\ProtectedRoute\ProtectedRoute.cy.jsx
FN:6,(anonymous_0)
FN:8,(anonymous_1)
FN:26,(anonymous_2)
FNF:3
FNH:3
FNDA:6,(anonymous_0)
FNDA:6,(anonymous_1)
FNDA:4,(anonymous_2)
DA:6,6
DA:8,6
DA:9,6
DA:13,6
DA:23,6
DA:26,6
DA:27,4
DA:29,4
DA:48,4
DA:50,4
LF:10
LH:10
BRF:0
BRH:0
end_of_record
TN:
SF:src\components\ProtectedRoute\ProtectedRoute.jsx
FN:4,(anonymous_0)
FN:4,(anonymous_1)
FN:2,(anonymous_0)
FNF:3
FNH:3
FNDA:5,(anonymous_0)
FNDA:3,(anonymous_1)
FNDA:5,(anonymous_0)
DA:2,3
DA:4,10
DA:5,7
DA:7,5
DA:8,8
DA:11,3
DA:12,3
LF:7
LH:7
BRDA:7,0,0,2
BRDA:4,1,0,2
BRF:2
BRH:2
end_of_record
TN:
SF:src\components\Slider\Slider.cy.jsx
FN:5,(anonymous_0)
FN:7,(anonymous_1)
FN:23,(anonymous_2)
FN:37,(anonymous_3)
FN:49,(anonymous_4)
FNF:5
FNH:5
FNDA:5,(anonymous_0)
FNDA:5,(anonymous_1)
FNDA:4,(anonymous_2)
FNDA:3,(anonymous_3)
FNDA:2,(anonymous_4)
DA:5,5
DA:7,5
DA:8,5
DA:14,5
DA:16,5
DA:18,5
DA:23,5
DA:24,4
DA:30,4
DA:32,4
DA:34,4
DA:37,5
DA:38,3
DA:44,3
DA:46,3
DA:49,5
DA:50,2
DA:56,2
LF:18
LH:18
BRF:0
BRH:0
end_of_record
TN:
SF:src\components\Slider\Slider.jsx
FN:13,PrevArrow
FN:22,NextArrow
FN:31,Slider
FN:54,(anonymous_3)
FNF:4
FNH:4
FNDA:20,PrevArrow
FNDA:20,NextArrow
FNDA:14,Slider
FNDA:56,(anonymous_3)
DA:6,5
DA:14,20
DA:15,20
DA:23,20
DA:24,20
DA:32,14
DA:43,14
DA:55,56
LF:8
LH:8
BRF:0
BRH:0
end_of_record
TN:
SF:src\context\AuthContext.jsx
FN:7,(anonymous_0)
FN:11,(anonymous_1)
FN:12,(anonymous_2)
FN:17,(anonymous_3)
FN:20,(anonymous_4)
FN:36,(anonymous_5)
FN:5,(anonymous_0)
FN:8,(anonymous_1)
FN:9,(anonymous_2)
FN:14,(anonymous_3)
FN:17,(anonymous_4)
FN:32,(anonymous_5)
FNF:12
FNH:2
FNDA:0,(anonymous_0)
FNDA:0,(anonymous_1)
FNDA:0,(anonymous_2)
FNDA:0,(anonymous_3)
FNDA:0,(anonymous_4)
FNDA:5,(anonymous_5)
FNDA:0,(anonymous_0)
FNDA:0,(anonymous_1)
FNDA:0,(anonymous_2)
FNDA:0,(anonymous_3)
FNDA:0,(anonymous_4)
FNDA:22,(anonymous_5)
DA:3,12
DA:5,12
DA:7,15
DA:8,3
DA:9,3
DA:11,12
DA:12,0
DA:13,0
DA:14,0
DA:17,12
DA:18,3
DA:20,12
DA:21,12
DA:24,12
DA:25,3
DA:29,0
DA:32,12
DA:34,22
DA:36,5
DA:37,5
DA:38,3
LF:21
LH:17
BRDA:31,0,0,0
BRDA:31,0,1,0
BRDA:26,1,0,0
BRDA:26,1,1,0
BRF:4
BRH:0
end_of_record
TN:
SF:src\context\CartContext.jsx
FN:8,(anonymous_0)
FN:13,(anonymous_1)
FN:27,(anonymous_2)
FN:36,(anonymous_3)
FN:46,(anonymous_4)
FN:53,(anonymous_5)
FN:56,(anonymous_6)
FN:67,(anonymous_7)
FN:68,(anonymous_8)
FN:89,(anonymous_9)
FNF:10
FNH:1
FNDA:0,(anonymous_0)
FNDA:0,(anonymous_1)
FNDA:0,(anonymous_2)
FNDA:0,(anonymous_3)
FNDA:0,(anonymous_4)
FNDA:0,(anonymous_5)
FNDA:0,(anonymous_6)
FNDA:0,(anonymous_7)
FNDA:0,(anonymous_8)
FNDA:26,(anonymous_9)
DA:6,9
DA:8,9
DA:9,0
DA:10,0
DA:11,0
DA:13,0
DA:14,0
DA:15,0
DA:16,0
DA:18,0
DA:19,0
DA:21,0
DA:22,0
DA:24,0
DA:27,0
DA:28,0
DA:29,0
DA:31,0
DA:32,0
DA:36,0
DA:37,0
DA:38,0
DA:39,0
DA:40,0
DA:42,0
DA:46,0
DA:47,0
DA:48,0
DA:49,0
DA:53,0
DA:55,0
DA:56,0
DA:57,0
DA:60,0
DA:63,0
DA:64,0
DA:67,0
DA:68,0
DA:70,0
DA:71,0
DA:75,0
DA:82,0
DA:89,9
DA:90,26
LF:44
LH:4
BRDA:18,0,0,0
BRDA:18,0,1,0
BRDA:19,1,0,0
BRDA:19,1,1,0
BRDA:28,2,0,0
BRDA:28,2,1,0
BRDA:37,3,0,0
BRDA:47,4,0,0
BRDA:55,5,0,0
BRDA:55,5,1,0
BRDA:57,6,0,0
BRDA:57,6,1,0
BRDA:84,7,0,0
BRDA:84,7,1,0
BRF:14
BRH:0
end_of_record
