{
  "C:/Users/lenovo/Documents/веб технології та дизайн/lab 1,2/frontend/cypress/support/commands.js": {
    "path": "C:/Users/lenovo/Documents/веб технології та дизайн/lab 1,2/frontend/cypress/support/commands.js",
    "statementMap": {},
    "fnMap": {},
    "branchMap": {},
    "s": {},
    "f": {},
    "b": {},
    "inputSourceMap": {
      "version": 3,
      "sources": [
        "C:/Users/lenovo/Documents/веб технології та дизайн/lab 1,2/frontend/cypress/support/commands.js"
      ],
      "names": [],
      "mappings": "AAAA,CAAC,CAAC,CAAC,CAAC,CAAC,CAAC,CAAC,CAAC,CAAC,CAAC,CAAC,CAAC,CAAC,CAAC,CAAC,CAAC,CAAC,CAAC,CAAC,CAAC,CAAC,CAAC,CAAC,CAAC,CAAC,CAAC,CAAC,CAAC,CAAC,CAAC,CAAC,CAAC,CAAC,CAAC,CAAC,CAAC,CAAC,CAAC,CAAC,CAAC,CAAC,CAAC,CAAC,CAAC,CAAC,CAAC,CAAC,CAAC,CAAC;AACjD,CAAC,CAAC,CAAC,IAAI,CAAC,OAAO,CAAC,QAAQ,CAAC,EAAE,CAAC,KAAK,CAAC,GAAG,CAAC,GAAG,CAAC;AAC1C,CAAC,CAAC,CAAC,MAAM,CAAC,OAAO,CAAC,MAAM,CAAC,QAAQ,CAAC,GAAG,CAAC;AACtC,CAAC,CAAC,CAAC,QAAQ,CAAC,QAAQ;AACpB,CAAC;AACD,CAAC,CAAC,CAAC,GAAG,CAAC,IAAI,CAAC,aAAa,CAAC,QAAQ,CAAC,EAAE,CAAC;AACtC,CAAC,CAAC,CAAC,QAAQ,CAAC,MAAM,CAAC,IAAI,CAAC,IAAI,CAAC,IAAI;AACjC,CAAC,CAAC,CAAC,KAAK,CAAC,CAAC,CAAC,EAAE,CAAC,OAAO,CAAC,EAAE,CAAC,MAAM,CAAC;AAChC,CAAC,CAAC,CAAC,CAAC,CAAC,CAAC,CAAC,CAAC,CAAC,CAAC,CAAC,CAAC,CAAC,CAAC,CAAC,CAAC,CAAC,CAAC,CAAC,CAAC,CAAC,CAAC,CAAC,CAAC,CAAC,CAAC,CAAC,CAAC,CAAC,CAAC,CAAC,CAAC,CAAC,CAAC,CAAC,CAAC,CAAC,CAAC,CAAC,CAAC,CAAC,CAAC,CAAC,CAAC,CAAC,CAAC,CAAC,CAAC,CAAC;AACjD,CAAC;AACD,CAAC;AACD,CAAC,CAAC,CAAC,CAAC,CAAC,CAAC,IAAI,CAAC,EAAE,CAAC,CAAC,CAAC,MAAM,CAAC,OAAO,CAAC,CAAC;AAChC,CAAC,CAAC,CAAC,OAAO,CAAC,QAAQ,CAAC,GAAG,CAAC,CAAC,KAAK,CAAC,CAAC,CAAC,CAAC,KAAK,CAAC,CAAC,QAAQ,CAAC,CAAC,CAAC,CAAC,CAAC,CAAC,CAAC,CAAC,CAAC,CAAC,CAAC,CAAC;AAC7D,CAAC;AACD,CAAC;AACD,CAAC,CAAC,CAAC,CAAC,CAAC,CAAC,IAAI,CAAC,EAAE,CAAC,CAAC,CAAC,KAAK,CAAC,OAAO,CAAC,CAAC;AAC/B,CAAC,CAAC,CAAC,OAAO,CAAC,QAAQ,CAAC,GAAG,CAAC,CAAC,IAAI,CAAC,CAAC,CAAC,CAAC,CAAC,WAAW,CAAC,CAAC,CAAC,OAAO,CAAC,CAAC,CAAC,CAAC,CAAC,OAAO,CAAC,CAAC,OAAO,CAAC,CAAC,CAAC,CAAC,CAAC,CAAC,CAAC,CAAC,CAAC,CAAC,CAAC,CAAC;AACxF,CAAC;AACD,CAAC;AACD,CAAC,CAAC,CAAC,CAAC,CAAC,CAAC,IAAI,CAAC,EAAE,CAAC,CAAC,CAAC,IAAI,CAAC,OAAO,CAAC,CAAC;AAC9B,CAAC,CAAC,CAAC,OAAO,CAAC,QAAQ,CAAC,GAAG,CAAC,CAAC,OAAO,CAAC,CAAC,CAAC,CAAC,CAAC,WAAW,CAAC,CAAC,CAAC,QAAQ,CAAC,CAAC,CAAC,CAAC,CAAC,OAAO,CAAC,CAAC,OAAO,CAAC,CAAC,CAAC,CAAC,CAAC,CAAC,CAAC,CAAC,CAAC,CAAC,CAAC,CAAC;AAC5F,CAAC;AACD,CAAC;AACD,CAAC,CAAC,CAAC,CAAC,CAAC,CAAC,IAAI,CAAC,IAAI,CAAC,SAAS,CAAC,EAAE,CAAC,QAAQ,CAAC,OAAO,CAAC,CAAC;AAC/C,CAAC,CAAC,CAAC,OAAO,CAAC,QAAQ,CAAC,SAAS,CAAC,CAAC,KAAK,CAAC,CAAC,CAAC,CAAC,UAAU,CAAC,CAAC,GAAG,CAAC,CAAC,OAAO,CAAC,CAAC,CAAC,CAAC,CAAC,CAAC,CAAC,CAAC,CAAC,CAAC,CAAC,CAAC"
    },
    "_coverageSchema": "1a1c01bbd47fc00a2c39e90264f33305004495a9",
    "hash": "dc61a71ecc61894df8a96505b94a627e9360ef8a"
  },
  "C:/Users/lenovo/Documents/веб технології та дизайн/lab 1,2/frontend/cypress/support/component.js": {
    "path": "C:/Users/lenovo/Documents/веб технології та дизайн/lab 1,2/frontend/cypress/support/component.js",
    "statementMap": {
      "0": {
        "start": {
          "line": 23,
          "column": 0
        },
        "end": {
          "line": 25,
          "column": 5
        }
      },
      "1": {
        "start": {
          "line": 24,
          "column": 4
        },
        "end": {
          "line": 24,
          "column": 27
        }
      },
      "2": {
        "start": {
          "line": 27,
          "column": 0
        },
        "end": {
          "line": 27,
          "column": 36
        }
      }
    },
    "fnMap": {
      "0": {
        "name": "(anonymous_0)",
        "decl": {
          "start": {
            "line": 23,
            "column": 11
          },
          "end": {
            "line": 23,
            "column": 12
          }
        },
        "loc": {
          "start": {
            "line": 23,
            "column": 17
          },
          "end": {
            "line": 25,
            "column": 3
          }
        },
        "line": 23
      }
    },
    "branchMap": {},
    "s": {
      "0": 66,
      "1": 169,
      "2": 66
    },
    "f": {
      "0": 169
    },
    "b": {},
    "inputSourceMap": {
      "version": 3,
      "sources": [
        "C:/Users/lenovo/Documents/веб технології та дизайн/lab 1,2/frontend/cypress/support/component.js"
      ],
      "names": [],
      "mappings": "AAAA,CAAC,CAAC,CAAC,CAAC,CAAC,CAAC,CAAC,CAAC,CAAC,CAAC,CAAC,CAAC,CAAC,CAAC,CAAC,CAAC,CAAC,CAAC,CAAC,CAAC,CAAC,CAAC,CAAC,CAAC,CAAC,CAAC,CAAC,CAAC,CAAC,CAAC,CAAC,CAAC,CAAC,CAAC,CAAC,CAAC,CAAC,CAAC,CAAC,CAAC,CAAC,CAAC,CAAC,CAAC,CAAC,CAAC,CAAC,CAAC,CAAC,CAAC,CAAC,CAAC,CAAC,CAAC,CAAC,CAAC,CAAC,CAAC,CAAC,CAAC,CAAC;AAC7D,CAAC,CAAC,CAAC,IAAI,CAAC,OAAO,CAAC,OAAO,CAAC,SAAS,CAAC,EAAE,CAAC,EAAE,CAAC,SAAS,CAAC;AAClD,CAAC,CAAC,CAAC,MAAM,CAAC,aAAa,CAAC,MAAM,CAAC,IAAI,CAAC,IAAI,CAAC,KAAK;AAC9C,CAAC;AACD,CAAC,CAAC,CAAC,IAAI,CAAC,EAAE,CAAC,CAAC,CAAC,KAAK,CAAC,KAAK,CAAC,EAAE,CAAC,GAAG,CAAC,MAAM,CAAC,aAAa,CAAC;AACrD,CAAC,CAAC,CAAC,QAAQ,CAAC,IAAI,CAAC,QAAQ,CAAC,OAAO;AACjC,CAAC;AACD,CAAC,CAAC,CAAC,GAAG,CAAC,GAAG,CAAC,MAAM,CAAC,GAAG,CAAC,QAAQ,CAAC,EAAE,CAAC,IAAI,CAAC,IAAI,CAAC,EAAE,CAAC,IAAI,CAAC;AACpD,CAAC,CAAC,CAAC,aAAa,CAAC,OAAO,CAAC,OAAO,CAAC,KAAK,CAAC,IAAI,CAAC;AAC5C,CAAC,CAAC,CAAC,CAAC,WAAW,CAAC,CAAC,aAAa,CAAC,MAAM;AACrC,CAAC;AACD,CAAC,CAAC,CAAC,GAAG,CAAC,GAAG,CAAC,IAAI,CAAC,IAAI,CAAC,IAAI;AACzB,CAAC,CAAC,CAAC,KAAK,CAAC,CAAC,CAAC,EAAE,CAAC,OAAO,CAAC,EAAE,CAAC;AACzB,CAAC,CAAC,CAAC,CAAC,CAAC,CAAC,CAAC,CAAC,CAAC,CAAC,CAAC,CAAC,CAAC,CAAC,CAAC,CAAC,CAAC,CAAC,CAAC,CAAC,CAAC,CAAC,CAAC,CAAC,CAAC,CAAC,CAAC,CAAC,CAAC,CAAC,CAAC,CAAC,CAAC,CAAC,CAAC,CAAC,CAAC,CAAC,CAAC,CAAC,CAAC,CAAC,CAAC,CAAC,CAAC,CAAC,CAAC,CAAC,CAAC,CAAC,CAAC,CAAC,CAAC,CAAC,CAAC,CAAC,CAAC,CAAC,CAAC,CAAC,CAAC;;AAE7D,CAAC,CAAC,CAAC,MAAM,CAAC,QAAQ,CAAC,EAAE,CAAC,KAAK,CAAC,MAAM,CAAC,MAAM;AACzC,MAAM,CAAC,CAAC,CAAC,CAAC,QAAQ;AAClB,MAAM,CAAC,CAAC,CAAC,CAAC,CAAC,CAAC,CAAC,CAAC,GAAG,CAAC,GAAG,CAAC,GAAG;;AAEzB,MAAM,CAAC,CAAC,CAAC,KAAK,CAAC,CAAC,CAAC,IAAI,CAAC,CAAC,OAAO,CAAC,KAAK;AACpC,MAAM,CAAC,CAAC,CAAC,OAAO,CAAC,IAAI,CAAC,QAAQ,CAAC,OAAO;;AAEtC,UAAU,CAAC,CAAC,CAAC,CAAC,CAAC,CAAC,CAAC;AACjB,CAAC,CAAC,CAAC,CAAC,EAAE,CAAC,QAAQ,CAAC,IAAI,CAAC,CAAC,GAAG,CAAC;AAC1B,CAAC,CAAC,CAAC,CAAC;;AAEJ,OAAO,CAAC,QAAQ,CAAC,GAAG,CAAC,CAAC,KAAK,CAAC,CAAC,CAAC,KAAK;;AAEnC,CAAC,CAAC,CAAC,OAAO,CAAC,GAAG;AACd,CAAC,CAAC,CAAC,EAAE,CAAC,KAAK,CAAC,CAAC,WAAW,CAAC,CAAC,CAAC"
    },
    "_coverageSchema": "1a1c01bbd47fc00a2c39e90264f33305004495a9",
    "hash": "4ba100bde1968eaaf5c1a063523ae24dde372336"
  },
  "C:/Users/lenovo/Documents/веб технології та дизайн/lab 1,2/frontend/src/components/Button/BackButton.jsx": {
    "path": "C:/Users/lenovo/Documents/веб технології та дизайн/lab 1,2/frontend/src/components/Button/BackButton.jsx",
    "statementMap": {
      "0": {
        "start": {
          "line": 4,
          "column": 2
        },
        "end": {
          "line": 20,
          "column": 4
        }
      },
      "1": {
        "start": {
          "line": 9,
          "column": 21
        },
        "end": {
          "line": 9,
          "column": 42
        }
      },
      "2": {
        "start": {
          "line": 22,
          "column": 0
        },
        "end": {
          "line": 22,
          "column": 16
        }
      },
      "3": {
        "start": {
          "line": 25,
          "column": 0
        },
        "end": {
          "line": 25,
          "column": 31
        }
      },
      "4": {
        "start": {
          "line": 27,
          "column": 20
        },
        "end": {
          "line": 27,
          "column": 97
        }
      },
      "5": {
        "start": {
          "line": 28,
          "column": 0
        },
        "end": {
          "line": 42,
          "column": 1
        }
      },
      "6": {
        "start": {
          "line": 29,
          "column": 2
        },
        "end": {
          "line": 33,
          "column": 3
        }
      },
      "7": {
        "start": {
          "line": 30,
          "column": 4
        },
        "end": {
          "line": 32,
          "column": 6
        }
      },
      "8": {
        "start": {
          "line": 34,
          "column": 2
        },
        "end": {
          "line": 41,
          "column": 5
        }
      },
      "9": {
        "start": {
          "line": 35,
          "column": 4
        },
        "end": {
          "line": 35,
          "column": 174
        }
      },
      "10": {
        "start": {
          "line": 36,
          "column": 4
        },
        "end": {
          "line": 40,
          "column": 7
        }
      },
      "11": {
        "start": {
          "line": 37,
          "column": 6
        },
        "end": {
          "line": 37,
          "column": 31
        }
      },
      "12": {
        "start": {
          "line": 37,
          "column": 24
        },
        "end": {
          "line": 37,
          "column": 31
        }
      },
      "13": {
        "start": {
          "line": 38,
          "column": 32
        },
        "end": {
          "line": 38,
          "column": 223
        }
      },
      "14": {
        "start": {
          "line": 39,
          "column": 6
        },
        "end": {
          "line": 39,
          "column": 75
        }
      },
      "15": {
        "start": {
          "line": 39,
          "column": 29
        },
        "end": {
          "line": 39,
          "column": 75
        }
      },
      "16": {
        "start": {
          "line": 44,
          "column": 2
        },
        "end": {
          "line": 44,
          "column": 153
        }
      },
      "17": {
        "start": {
          "line": 47,
          "column": 2
        },
        "end": {
          "line": 47,
          "column": 62
        }
      }
    },
    "fnMap": {
      "0": {
        "name": "BackButton",
        "decl": {
          "start": {
            "line": 3,
            "column": 9
          },
          "end": {
            "line": 3,
            "column": 19
          }
        },
        "loc": {
          "start": {
            "line": 3,
            "column": 22
          },
          "end": {
            "line": 21,
            "column": 1
          }
        },
        "line": 3
      },
      "1": {
        "name": "(anonymous_1)",
        "decl": {
          "start": {
            "line": 9,
            "column": 15
          },
          "end": {
            "line": 9,
            "column": 16
          }
        },
        "loc": {
          "start": {
            "line": 9,
            "column": 21
          },
          "end": {
            "line": 9,
            "column": 42
          }
        },
        "line": 9
      },
      "2": {
        "name": "(anonymous_2)",
        "decl": {
          "start": {
            "line": 34,
            "column": 52
          },
          "end": {
            "line": 34,
            "column": 53
          }
        },
        "loc": {
          "start": {
            "line": 34,
            "column": 72
          },
          "end": {
            "line": 41,
            "column": 3
          }
        },
        "line": 34
      },
      "3": {
        "name": "(anonymous_3)",
        "decl": {
          "start": {
            "line": 36,
            "column": 27
          },
          "end": {
            "line": 36,
            "column": 28
          }
        },
        "loc": {
          "start": {
            "line": 36,
            "column": 44
          },
          "end": {
            "line": 40,
            "column": 5
          }
        },
        "line": 36
      },
      "4": {
        "name": "$RefreshReg$",
        "decl": {
          "start": {
            "line": 43,
            "column": 9
          },
          "end": {
            "line": 43,
            "column": 21
          }
        },
        "loc": {
          "start": {
            "line": 43,
            "column": 32
          },
          "end": {
            "line": 45,
            "column": 1
          }
        },
        "line": 43
      },
      "5": {
        "name": "$RefreshSig$",
        "decl": {
          "start": {
            "line": 46,
            "column": 9
          },
          "end": {
            "line": 46,
            "column": 21
          }
        },
        "loc": {
          "start": {
            "line": 46,
            "column": 24
          },
          "end": {
            "line": 48,
            "column": 1
          }
        },
        "line": 46
      }
    },
    "branchMap": {
      "0": {
        "loc": {
          "start": {
            "line": 27,
            "column": 20
          },
          "end": {
            "line": 27,
            "column": 97
          }
        },
        "type": "binary-expr",
        "locations": [
          {
            "start": {
              "line": 27,
              "column": 20
            },
            "end": {
              "line": 27,
              "column": 60
            }
          },
          {
            "start": {
              "line": 27,
              "column": 64
            },
            "end": {
              "line": 27,
              "column": 97
            }
          }
        ],
        "line": 27
      },
      "1": {
        "loc": {
          "start": {
            "line": 28,
            "column": 0
          },
          "end": {
            "line": 42,
            "column": 1
          }
        },
        "type": "if",
        "locations": [
          {
            "start": {
              "line": 28,
              "column": 0
            },
            "end": {
              "line": 42,
              "column": 1
            }
          },
          {
            "start": {},
            "end": {}
          }
        ],
        "line": 28
      },
      "2": {
        "loc": {
          "start": {
            "line": 28,
            "column": 4
          },
          "end": {
            "line": 28,
            "column": 35
          }
        },
        "type": "binary-expr",
        "locations": [
          {
            "start": {
              "line": 28,
              "column": 4
            },
            "end": {
              "line": 28,
              "column": 19
            }
          },
          {
            "start": {
              "line": 28,
              "column": 23
            },
            "end": {
              "line": 28,
              "column": 35
            }
          }
        ],
        "line": 28
      },
      "3": {
        "loc": {
          "start": {
            "line": 29,
            "column": 2
          },
          "end": {
            "line": 33,
            "column": 3
          }
        },
        "type": "if",
        "locations": [
          {
            "start": {
              "line": 29,
              "column": 2
            },
            "end": {
              "line": 33,
              "column": 3
            }
          },
          {
            "start": {},
            "end": {}
          }
        ],
        "line": 29
      },
      "4": {
        "loc": {
          "start": {
            "line": 37,
            "column": 6
          },
          "end": {
            "line": 37,
            "column": 31
          }
        },
        "type": "if",
        "locations": [
          {
            "start": {
              "line": 37,
              "column": 6
            },
            "end": {
              "line": 37,
              "column": 31
            }
          },
          {
            "start": {},
            "end": {}
          }
        ],
        "line": 37
      },
      "5": {
        "loc": {
          "start": {
            "line": 39,
            "column": 6
          },
          "end": {
            "line": 39,
            "column": 75
          }
        },
        "type": "if",
        "locations": [
          {
            "start": {
              "line": 39,
              "column": 6
            },
            "end": {
              "line": 39,
              "column": 75
            }
          },
          {
            "start": {},
            "end": {}
          }
        ],
        "line": 39
      }
    },
    "s": {
      "0": 27,
      "1": 9,
      "2": 4,
      "3": 4,
      "4": 4,
      "5": 4,
      "6": 4,
      "7": 0,
      "8": 4,
      "9": 4,
      "10": 4,
      "11": 0,
      "12": 0,
      "13": 0,
      "14": 0,
      "15": 0,
      "16": 4,
      "17": 0
    },
    "f": {
      "0": 27,
      "1": 9,
      "2": 4,
      "3": 0,
      "4": 4,
      "5": 0
    },
    "b": {
      "0": [
        4,
        0
      ],
      "1": [
        4,
        0
      ],
      "2": [
        4,
        4
      ],
      "3": [
        0,
        4
      ],
      "4": [
        0,
        0
      ],
      "5": [
        0,
        0
      ]
    },
    "inputSourceMap": {
      "version": 3,
      "mappings": "AAII;AAJJ,OAAOA,YAAY;AAEnB,SAASC,aAAa;AACpB,SACE;AAAA,IAAC;AAAA;AAAA,MACC,MAAK;AAAA,MACL,OAAM;AAAA,MACN,SAAS,MAAMC,OAAOC,QAAQC,KAAK;AAAA,MACnC,WAAWJ,OAAOK;AAAAA;AAAAA,IAJpB;AAAA;AAAA;AAAA;AAAA;AAAA;AAAA;AAAA;AAAA,EAI+B;AAGnC;AAACC,KATQL;AAWT,eAAeA;AAAW,IAAAK;AAAAC,aAAAD,IAAA",
      "names": [
        "styles",
        "BackButton",
        "window",
        "history",
        "back",
        "buttonBack",
        "_c",
        "$RefreshReg$"
      ],
      "ignoreList": [],
      "sources": [
        "C:/Users/lenovo/Documents/веб технології та дизайн/lab 1,2/frontend/src/components/Button/BackButton.jsx"
      ],
      "file": "C:/Users/lenovo/Documents/веб технології та дизайн/lab 1,2/frontend/src/components/Button/BackButton.jsx"
    },
    "_coverageSchema": "1a1c01bbd47fc00a2c39e90264f33305004495a9",
    "hash": "ba4b71c32e90ab7a003918192681170c43c108ba"
  },
  "C:/Users/lenovo/Documents/веб технології та дизайн/lab 1,2/frontend/src/components/Button/BackButton.cy.jsx": {
    "path": "C:/Users/lenovo/Documents/веб технології та дизайн/lab 1,2/frontend/src/components/Button/BackButton.cy.jsx",
    "statementMap": {
      "0": {
        "start": {
          "line": 4,
          "column": 0
        },
        "end": {
          "line": 33,
          "column": 3
        }
      },
      "1": {
        "start": {
          "line": 5,
          "column": 2
        },
        "end": {
          "line": 12,
          "column": 5
        }
      },
      "2": {
        "start": {
          "line": 6,
          "column": 4
        },
        "end": {
          "line": 10,
          "column": 14
        }
      },
      "3": {
        "start": {
          "line": 11,
          "column": 4
        },
        "end": {
          "line": 11,
          "column": 82
        }
      },
      "4": {
        "start": {
          "line": 13,
          "column": 2
        },
        "end": {
          "line": 24,
          "column": 5
        }
      },
      "5": {
        "start": {
          "line": 14,
          "column": 4
        },
        "end": {
          "line": 18,
          "column": 14
        }
      },
      "6": {
        "start": {
          "line": 19,
          "column": 4
        },
        "end": {
          "line": 21,
          "column": 7
        }
      },
      "7": {
        "start": {
          "line": 20,
          "column": 6
        },
        "end": {
          "line": 20,
          "column": 57
        }
      },
      "8": {
        "start": {
          "line": 22,
          "column": 4
        },
        "end": {
          "line": 22,
          "column": 42
        }
      },
      "9": {
        "start": {
          "line": 23,
          "column": 4
        },
        "end": {
          "line": 23,
          "column": 62
        }
      },
      "10": {
        "start": {
          "line": 25,
          "column": 2
        },
        "end": {
          "line": 32,
          "column": 5
        }
      },
      "11": {
        "start": {
          "line": 26,
          "column": 4
        },
        "end": {
          "line": 30,
          "column": 14
        }
      },
      "12": {
        "start": {
          "line": 31,
          "column": 4
        },
        "end": {
          "line": 31,
          "column": 91
        }
      }
    },
    "fnMap": {
      "0": {
        "name": "(anonymous_0)",
        "decl": {
          "start": {
            "line": 4,
            "column": 27
          },
          "end": {
            "line": 4,
            "column": 28
          }
        },
        "loc": {
          "start": {
            "line": 4,
            "column": 33
          },
          "end": {
            "line": 33,
            "column": 1
          }
        },
        "line": 4
      },
      "1": {
        "name": "(anonymous_1)",
        "decl": {
          "start": {
            "line": 5,
            "column": 58
          },
          "end": {
            "line": 5,
            "column": 59
          }
        },
        "loc": {
          "start": {
            "line": 5,
            "column": 64
          },
          "end": {
            "line": 12,
            "column": 3
          }
        },
        "line": 5
      },
      "2": {
        "name": "(anonymous_2)",
        "decl": {
          "start": {
            "line": 13,
            "column": 52
          },
          "end": {
            "line": 13,
            "column": 53
          }
        },
        "loc": {
          "start": {
            "line": 13,
            "column": 58
          },
          "end": {
            "line": 24,
            "column": 3
          }
        },
        "line": 13
      },
      "3": {
        "name": "(anonymous_3)",
        "decl": {
          "start": {
            "line": 19,
            "column": 21
          },
          "end": {
            "line": 19,
            "column": 22
          }
        },
        "loc": {
          "start": {
            "line": 19,
            "column": 30
          },
          "end": {
            "line": 21,
            "column": 5
          }
        },
        "line": 19
      },
      "4": {
        "name": "(anonymous_4)",
        "decl": {
          "start": {
            "line": 25,
            "column": 39
          },
          "end": {
            "line": 25,
            "column": 40
          }
        },
        "loc": {
          "start": {
            "line": 25,
            "column": 45
          },
          "end": {
            "line": 32,
            "column": 3
          }
        },
        "line": 25
      }
    },
    "branchMap": {},
    "s": {
      "0": 8,
      "1": 8,
      "2": 8,
      "3": 8,
      "4": 8,
      "5": 6,
      "6": 6,
      "7": 6,
      "8": 6,
      "9": 6,
      "10": 8,
      "11": 4,
      "12": 4
    },
    "f": {
      "0": 8,
      "1": 8,
      "2": 6,
      "3": 6,
      "4": 4
    },
    "b": {},
    "inputSourceMap": {
      "version": 3,
      "mappings": "AAMa;AANb,OAAOA,WAAW;AAClB,OAAOC,gBAAgB;AAEvBC,SAAS,kBAAkB,MAAM;AAE/BC,KAAG,qDAAqD,MAAM;AAC5DC,OAAGC,MAAM,uBAAC,gBAAD;AAAA;AAAA;AAAA;AAAA,WAAW,CAAG;AAEvBD,OAAGE,IAAI,sBAAsB,EAC1BC,OAAO,YAAY,EACnBC,IAAI,cAAc,MAAM;AAAA,EAC7B,CAAC;AAEFL,KAAG,+CAA+C,MAAM;AACrDC,OAAGC,MAAM,uBAAC,gBAAD;AAAA;AAAA;AAAA;AAAA,WAAW,CAAG;AAEvBD,OAAGK,OAAO,EAAEC,KAAK,CAACC,QAAQ;AACxBP,SAAGQ,KAAKD,IAAIE,SAAS,MAAM,EAAEC,GAAG,iBAAiB;AAAA,IACnD,CAAC;AAEDV,OAAGE,IAAI,qBAAqB,EAAES,MAAM;AAEpCX,OAAGE,IAAI,kBAAkB,EAAEC,OAAO,sBAAsB;AAAA,EAC1D,CAAC;AAEDJ,KAAG,kCAAkC,MAAM;AACzCC,OAAGC,MAAM,uBAAC,gBAAD;AAAA;AAAA;AAAA;AAAA,WAAW,CAAG;AAEvBD,OAAGE,IAAI,sBAAsB,EAC1BU,OAAO,QAAQ,OAAO,EACtBT,OAAO,WAAW,YAAY;AAAA,EACnC,CAAC;AAEH,CAAC",
      "names": [
        "React",
        "BackButton",
        "describe",
        "it",
        "cy",
        "mount",
        "get",
        "should",
        "and",
        "window",
        "then",
        "win",
        "stub",
        "history",
        "as",
        "click",
        "invoke"
      ],
      "ignoreList": [],
      "sources": [
        "C:/Users/lenovo/Documents/веб технології та дизайн/lab 1,2/frontend/src/components/Button/BackButton.cy.jsx"
      ],
      "file": "C:/Users/lenovo/Documents/веб технології та дизайн/lab 1,2/frontend/src/components/Button/BackButton.cy.jsx"
    },
    "_coverageSchema": "1a1c01bbd47fc00a2c39e90264f33305004495a9",
    "hash": "924a8201fd7100fb830a359e250adcbca49595e2"
  },
  "C:/Users/lenovo/Documents/веб технології та дизайн/lab 1,2/frontend/src/components/Banner/Banner.jsx": {
    "path": "C:/Users/lenovo/Documents/веб технології та дизайн/lab 1,2/frontend/src/components/Banner/Banner.jsx",
    "statementMap": {
      "0": {
        "start": {
          "line": 4,
          "column": 2
        },
        "end": {
          "line": 12,
          "column": 11
        }
      }
    },
    "fnMap": {
      "0": {
        "name": "Banner",
        "decl": {
          "start": {
            "line": 3,
            "column": 9
          },
          "end": {
            "line": 3,
            "column": 15
          }
        },
        "loc": {
          "start": {
            "line": 3,
            "column": 39
          },
          "end": {
            "line": 13,
            "column": 1
          }
        },
        "line": 3
      }
    },
    "branchMap": {},
    "s": {
      "0": 10
    },
    "f": {
      "0": 10
    },
    "b": {},
    "inputSourceMap": {
      "version": 3,
      "sources": [
        "C:/Users/lenovo/Documents/веб технології та дизайн/lab 1,2/frontend/src/components/Banner/Banner.jsx"
      ],
      "mappings": "AAKM;AALN,OAAO,YAAY;AAEnB,SAAS,OAAO,EAAE,UAAU,QAAQ,GAAG;AACrC,SACE,uBAAC,aAAQ,WAAW,OAAO,QACzB,iCAAC,SAAI,KAAK,UAAU,KAAK,WAAzB;AAAA;AAAA;AAAA;AAAA,SAAkC,KADpC;AAAA;AAAA;AAAA;AAAA,SAEA;AAEJ;AAEA,eAAe;",
      "names": []
    },
    "_coverageSchema": "1a1c01bbd47fc00a2c39e90264f33305004495a9",
    "hash": "c037f86b9d8943cf6e3c3198cbf70e1ee09e20e1"
  },
  "C:/Users/lenovo/Documents/веб технології та дизайн/lab 1,2/frontend/src/components/Banner/Banner.cy.jsx": {
    "path": "C:/Users/lenovo/Documents/веб технології та дизайн/lab 1,2/frontend/src/components/Banner/Banner.cy.jsx",
    "statementMap": {
      "0": {
        "start": {
          "line": 4,
          "column": 0
        },
        "end": {
          "line": 23,
          "column": 3
        }
      },
      "1": {
        "start": {
          "line": 5,
          "column": 2
        },
        "end": {
          "line": 14,
          "column": 5
        }
      },
      "2": {
        "start": {
          "line": 6,
          "column": 22
        },
        "end": {
          "line": 6,
          "column": 44
        }
      },
      "3": {
        "start": {
          "line": 7,
          "column": 20
        },
        "end": {
          "line": 7,
          "column": 33
        }
      },
      "4": {
        "start": {
          "line": 8,
          "column": 4
        },
        "end": {
          "line": 12,
          "column": 14
        }
      },
      "5": {
        "start": {
          "line": 13,
          "column": 4
        },
        "end": {
          "line": 13,
          "column": 107
        }
      },
      "6": {
        "start": {
          "line": 15,
          "column": 2
        },
        "end": {
          "line": 22,
          "column": 5
        }
      },
      "7": {
        "start": {
          "line": 16,
          "column": 4
        },
        "end": {
          "line": 20,
          "column": 14
        }
      },
      "8": {
        "start": {
          "line": 21,
          "column": 4
        },
        "end": {
          "line": 21,
          "column": 121
        }
      }
    },
    "fnMap": {
      "0": {
        "name": "(anonymous_0)",
        "decl": {
          "start": {
            "line": 4,
            "column": 23
          },
          "end": {
            "line": 4,
            "column": 24
          }
        },
        "loc": {
          "start": {
            "line": 4,
            "column": 29
          },
          "end": {
            "line": 23,
            "column": 1
          }
        },
        "line": 4
      },
      "1": {
        "name": "(anonymous_1)",
        "decl": {
          "start": {
            "line": 5,
            "column": 68
          },
          "end": {
            "line": 5,
            "column": 69
          }
        },
        "loc": {
          "start": {
            "line": 5,
            "column": 74
          },
          "end": {
            "line": 14,
            "column": 3
          }
        },
        "line": 5
      },
      "2": {
        "name": "(anonymous_2)",
        "decl": {
          "start": {
            "line": 15,
            "column": 59
          },
          "end": {
            "line": 15,
            "column": 60
          }
        },
        "loc": {
          "start": {
            "line": 15,
            "column": 65
          },
          "end": {
            "line": 22,
            "column": 3
          }
        },
        "line": 15
      }
    },
    "branchMap": {},
    "s": {
      "0": 3,
      "1": 3,
      "2": 3,
      "3": 3,
      "4": 3,
      "5": 3,
      "6": 3,
      "7": 2,
      "8": 2
    },
    "f": {
      "0": 3,
      "1": 3,
      "2": 2
    },
    "b": {},
    "inputSourceMap": {
      "version": 3,
      "sources": [
        "C:/Users/lenovo/Documents/веб технології та дизайн/lab 1,2/frontend/src/components/Banner/Banner.cy.jsx"
      ],
      "mappings": "AASa;AATb,OAAO,WAAW;AAClB,OAAO,YAAY;AAEnB,SAAS,cAAc,MAAM;AAE3B,KAAG,+DAA+D,MAAM;AACtE,UAAM,YAAY;AAClB,UAAM,UAAU;AAEhB,OAAG,MAAM,uBAAC,UAAO,UAAU,WAAW,SAAS,WAAtC;AAAA;AAAA;AAAA;AAAA,WAA+C,CAAE;AAE1D,OAAG,IAAI,KAAK,EACT,OAAO,YAAY,EACnB,IAAI,aAAa,OAAO,SAAS,EACjC,IAAI,aAAa,OAAO,OAAO;AAAA,EACpC,CAAC;AAED,KAAG,sDAAsD,MAAM;AAC7D,OAAG,MAAM,uBAAC,UAAO,UAAS,YAAW,SAAQ,UAApC;AAAA;AAAA;AAAA;AAAA,WAA2C,CAAE;AAEtD,OAAG,IAAI,KAAK,EACT,OAAO,EACP,OAAO,aAAa,WAAW,SAAS,EAExC,OAAO,QAAQ,OAAO,EACtB,OAAO,WAAW,QAAQ;AAAA,EAC/B,CAAC;AAEH,CAAC;",
      "names": []
    },
    "_coverageSchema": "1a1c01bbd47fc00a2c39e90264f33305004495a9",
    "hash": "3f08c387a23e0493f3ad8bf36707ebaae129eac2"
  },
  "C:/Users/lenovo/Documents/веб технології та дизайн/lab 1,2/frontend/src/components/Footer/Footer.jsx": {
    "path": "C:/Users/lenovo/Documents/веб технології та дизайн/lab 1,2/frontend/src/components/Footer/Footer.jsx",
    "statementMap": {
      "0": {
        "start": {
          "line": 5,
          "column": 2
        },
        "end": {
          "line": 101,
          "column": 4
        }
      }
    },
    "fnMap": {
      "0": {
        "name": "Footer",
        "decl": {
          "start": {
            "line": 4,
            "column": 9
          },
          "end": {
            "line": 4,
            "column": 15
          }
        },
        "loc": {
          "start": {
            "line": 4,
            "column": 30
          },
          "end": {
            "line": 102,
            "column": 1
          }
        },
        "line": 4
      }
    },
    "branchMap": {
      "0": {
        "loc": {
          "start": {
            "line": 8,
            "column": 37
          },
          "end": {
            "line": 8,
            "column": 71
          }
        },
        "type": "cond-expr",
        "locations": [
          {
            "start": {
              "line": 8,
              "column": 48
            },
            "end": {
              "line": 8,
              "column": 66
            }
          },
          {
            "start": {
              "line": 8,
              "column": 69
            },
            "end": {
              "line": 8,
              "column": 71
            }
          }
        ],
        "line": 8
      }
    },
    "s": {
      "0": 22
    },
    "f": {
      "0": 22
    },
    "b": {
      "0": [
        4,
        18
      ]
    },
    "inputSourceMap": {
      "version": 3,
      "sources": [
        "C:/Users/lenovo/Documents/веб технології та дизайн/lab 1,2/frontend/src/components/Footer/Footer.jsx"
      ],
      "mappings": "AAUU;AAVV,SAAS,YAAY;AACrB,OAAO,YAAY;AAEnB,SAAS,OAAO,EAAE,SAAS,GAAG;AAC5B,SACE;AAAA,IAAC;AAAA;AAAA,MACC,WAAW,GAAG,OAAO,MAAM,IAAI,WAAW,OAAO,cAAc,EAAE;AAAA,MAEjE,iCAAC,SAAI,WAAW,OAAO,eACrB;AAAA,+BAAC,SAAI,WAAW,OAAO,eACrB;AAAA,iCAAC,OAAE,WAAW,OAAO,aAAa,oBAAlC;AAAA;AAAA;AAAA;AAAA,iBAAsC;AAAA,UACtC,uBAAC,SACC;AAAA,mCAAC,QAAK,IAAG,UAAS,wBAAlB;AAAA;AAAA;AAAA;AAAA,mBAA0B;AAAA,YAC1B,uBAAC,UAAD;AAAA;AAAA;AAAA;AAAA,mBAAI;AAAA,YACJ,uBAAC,UAAD;AAAA;AAAA;AAAA;AAAA,mBAAI;AAAA,YACJ,uBAAC,QAAK,IAAG,aAAY,wBAArB;AAAA;AAAA;AAAA;AAAA,mBAA6B;AAAA,eAJ/B;AAAA;AAAA;AAAA;AAAA,iBAKA;AAAA,aAPF;AAAA;AAAA;AAAA;AAAA,eAQA;AAAA,QACA,uBAAC,SAAI,WAAW,OAAO,eACrB;AAAA,UAAC;AAAA;AAAA,YACC,MAAK;AAAA,YACL,WAAW,OAAO;AAAA,YAClB,QAAO;AAAA,YACP,KAAI;AAAA,YACL;AAAA;AAAA,UALD;AAAA;AAAA;AAAA;AAAA;AAAA;AAAA;AAAA;AAAA,QAOA,KARF;AAAA;AAAA;AAAA;AAAA,eASA;AAAA,QACA,uBAAC,SAAI,WAAW,OAAO,eACrB,iCAAC,QAAK,IAAG,UAAS,WAAW,OAAO,SAAS,iCAA7C;AAAA;AAAA;AAAA;AAAA,eAEA,KAHF;AAAA;AAAA;AAAA;AAAA,eAIA;AAAA,QACA,uBAAC,SAAI,WAAW,OAAO,YACrB,iCAAC,OAAE,sBAAH;AAAA;AAAA;AAAA;AAAA,eAAS,KADX;AAAA;AAAA;AAAA;AAAA,eAEA;AAAA,WA3BF;AAAA;AAAA;AAAA;AAAA,aA4BA;AAAA;AAAA,IA/BF;AAAA;AAAA;AAAA;AAAA;AAAA;AAAA;AAAA;AAAA,EAgCA;AAEJ;AAEA,eAAe;",
      "names": []
    },
    "_coverageSchema": "1a1c01bbd47fc00a2c39e90264f33305004495a9",
    "hash": "d3e30f0f989e82b92eaf1769e883439d2ed4e127"
  },
  "C:/Users/lenovo/Documents/веб технології та дизайн/lab 1,2/frontend/src/components/Footer/Footer.cy.jsx": {
    "path": "C:/Users/lenovo/Documents/веб технології та дизайн/lab 1,2/frontend/src/components/Footer/Footer.cy.jsx",
    "statementMap": {
      "0": {
        "start": {
          "line": 5,
          "column": 0
        },
        "end": {
          "line": 64,
          "column": 3
        }
      },
      "1": {
        "start": {
          "line": 6,
          "column": 2
        },
        "end": {
          "line": 23,
          "column": 5
        }
      },
      "2": {
        "start": {
          "line": 7,
          "column": 4
        },
        "end": {
          "line": 17,
          "column": 6
        }
      },
      "3": {
        "start": {
          "line": 18,
          "column": 4
        },
        "end": {
          "line": 18,
          "column": 45
        }
      },
      "4": {
        "start": {
          "line": 19,
          "column": 4
        },
        "end": {
          "line": 19,
          "column": 47
        }
      },
      "5": {
        "start": {
          "line": 20,
          "column": 4
        },
        "end": {
          "line": 20,
          "column": 66
        }
      },
      "6": {
        "start": {
          "line": 21,
          "column": 4
        },
        "end": {
          "line": 21,
          "column": 69
        }
      },
      "7": {
        "start": {
          "line": 22,
          "column": 4
        },
        "end": {
          "line": 22,
          "column": 75
        }
      },
      "8": {
        "start": {
          "line": 24,
          "column": 2
        },
        "end": {
          "line": 37,
          "column": 5
        }
      },
      "9": {
        "start": {
          "line": 25,
          "column": 4
        },
        "end": {
          "line": 35,
          "column": 6
        }
      },
      "10": {
        "start": {
          "line": 36,
          "column": 4
        },
        "end": {
          "line": 36,
          "column": 175
        }
      },
      "11": {
        "start": {
          "line": 38,
          "column": 2
        },
        "end": {
          "line": 63,
          "column": 5
        }
      },
      "12": {
        "start": {
          "line": 39,
          "column": 4
        },
        "end": {
          "line": 49,
          "column": 6
        }
      },
      "13": {
        "start": {
          "line": 50,
          "column": 4
        },
        "end": {
          "line": 50,
          "column": 82
        }
      },
      "14": {
        "start": {
          "line": 51,
          "column": 4
        },
        "end": {
          "line": 61,
          "column": 6
        }
      },
      "15": {
        "start": {
          "line": 62,
          "column": 4
        },
        "end": {
          "line": 62,
          "column": 78
        }
      }
    },
    "fnMap": {
      "0": {
        "name": "(anonymous_0)",
        "decl": {
          "start": {
            "line": 5,
            "column": 23
          },
          "end": {
            "line": 5,
            "column": 24
          }
        },
        "loc": {
          "start": {
            "line": 5,
            "column": 29
          },
          "end": {
            "line": 64,
            "column": 1
          }
        },
        "line": 5
      },
      "1": {
        "name": "(anonymous_1)",
        "decl": {
          "start": {
            "line": 6,
            "column": 65
          },
          "end": {
            "line": 6,
            "column": 66
          }
        },
        "loc": {
          "start": {
            "line": 6,
            "column": 71
          },
          "end": {
            "line": 23,
            "column": 3
          }
        },
        "line": 6
      },
      "2": {
        "name": "(anonymous_2)",
        "decl": {
          "start": {
            "line": 24,
            "column": 80
          },
          "end": {
            "line": 24,
            "column": 81
          }
        },
        "loc": {
          "start": {
            "line": 24,
            "column": 86
          },
          "end": {
            "line": 37,
            "column": 3
          }
        },
        "line": 24
      },
      "3": {
        "name": "(anonymous_3)",
        "decl": {
          "start": {
            "line": 38,
            "column": 52
          },
          "end": {
            "line": 38,
            "column": 53
          }
        },
        "loc": {
          "start": {
            "line": 38,
            "column": 58
          },
          "end": {
            "line": 63,
            "column": 3
          }
        },
        "line": 38
      }
    },
    "branchMap": {},
    "s": {
      "0": 4,
      "1": 4,
      "2": 4,
      "3": 4,
      "4": 4,
      "5": 4,
      "6": 4,
      "7": 4,
      "8": 4,
      "9": 3,
      "10": 3,
      "11": 4,
      "12": 2,
      "13": 2,
      "14": 2,
      "15": 2
    },
    "f": {
      "0": 4,
      "1": 4,
      "2": 3,
      "3": 2
    },
    "b": {},
    "inputSourceMap": {
      "version": 3,
      "sources": [
        "C:/Users/lenovo/Documents/веб технології та дизайн/lab 1,2/frontend/src/components/Footer/Footer.cy.jsx"
      ],
      "mappings": "AASQ;AATR,OAAO,WAAW;AAClB,OAAO,YAAY;AACnB,SAAS,oBAAoB;AAE7B,SAAS,cAAc,MAAM;AAE3B,KAAG,4DAA4D,MAAM;AACnE,OAAG;AAAA,MACD,uBAAC,gBACC,iCAAC,YAAD;AAAA;AAAA;AAAA;AAAA,aAAQ,KADV;AAAA;AAAA;AAAA;AAAA,aAEA;AAAA,IACF;AAEA,OAAG,SAAS,MAAM,EAAE,OAAO,YAAY;AAEvC,OAAG,SAAS,QAAQ,EAAE,OAAO,YAAY;AAEzC,OAAG,SAAS,UAAU,EAAE,OAAO,aAAa,QAAQ,QAAQ;AAC5D,OAAG,SAAS,UAAU,EAAE,OAAO,aAAa,QAAQ,WAAW;AAC/D,OAAG,SAAS,mBAAmB,EAAE,OAAO,aAAa,QAAQ,QAAQ;AAAA,EACvE,CAAC;AAED,KAAG,2EAA2E,MAAM;AAClF,OAAG;AAAA,MACD,uBAAC,gBACC,iCAAC,YAAD;AAAA;AAAA;AAAA;AAAA,aAAQ,KADV;AAAA;AAAA;AAAA;AAAA,aAEA;AAAA,IACF;AAEA,OAAG,SAAS,WAAW,EACpB,OAAO,YAAY,EACnB,IAAI,aAAa,QAAQ,uBAAuB,EAChD,IAAI,aAAa,UAAU,QAAQ,EACnC,IAAI,aAAa,OAAO,YAAY;AAAA,EACzC,CAAC;AAED,KAAG,+CAA+C,MAAM;AACtD,OAAG;AAAA,MACD,uBAAC,gBACC,iCAAC,YAAD;AAAA;AAAA;AAAA;AAAA,aAAQ,KADV;AAAA;AAAA;AAAA;AAAA,aAEA;AAAA,IACF;AACA,OAAG,IAAI,QAAQ,EACZ,OAAO,QAAQ,OAAO,EACtB,OAAO,eAAe,aAAa;AAEtC,OAAG;AAAA,MACD,uBAAC,gBACC,iCAAC,UAAO,UAAU,QAAlB;AAAA;AAAA;AAAA;AAAA,aAAwB,KAD1B;AAAA;AAAA;AAAA;AAAA,aAEA;AAAA,IACF;AACA,OAAG,IAAI,QAAQ,EACZ,OAAO,QAAQ,OAAO,EACtB,OAAO,WAAW,aAAa;AAAA,EACpC,CAAC;AAEH,CAAC;",
      "names": []
    },
    "_coverageSchema": "1a1c01bbd47fc00a2c39e90264f33305004495a9",
    "hash": "c4525bdf703d00d5a48be441e54db73f70bf8441"
  },
  "C:/Users/lenovo/Documents/веб технології та дизайн/lab 1,2/frontend/src/components/Forms/Forms.jsx": {
    "path": "C:/Users/lenovo/Documents/веб технології та дизайн/lab 1,2/frontend/src/components/Forms/Forms.jsx",
    "statementMap": {
      "0": {
        "start": {
          "line": 14,
          "column": 19
        },
        "end": {
          "line": 14,
          "column": 32
        }
      },
      "1": {
        "start": {
          "line": 15,
          "column": 28
        },
        "end": {
          "line": 15,
          "column": 40
        }
      },
      "2": {
        "start": {
          "line": 16,
          "column": 34
        },
        "end": {
          "line": 16,
          "column": 46
        }
      },
      "3": {
        "start": {
          "line": 17,
          "column": 36
        },
        "end": {
          "line": 17,
          "column": 48
        }
      },
      "4": {
        "start": {
          "line": 18,
          "column": 34
        },
        "end": {
          "line": 18,
          "column": 46
        }
      },
      "5": {
        "start": {
          "line": 24,
          "column": 6
        },
        "end": {
          "line": 24,
          "column": 31
        }
      },
      "6": {
        "start": {
          "line": 25,
          "column": 23
        },
        "end": {
          "line": 37,
          "column": 3
        }
      },
      "7": {
        "start": {
          "line": 26,
          "column": 4
        },
        "end": {
          "line": 26,
          "column": 23
        }
      },
      "8": {
        "start": {
          "line": 27,
          "column": 24
        },
        "end": {
          "line": 35,
          "column": 5
        }
      },
      "9": {
        "start": {
          "line": 36,
          "column": 4
        },
        "end": {
          "line": 36,
          "column": 24
        }
      },
      "10": {
        "start": {
          "line": 38,
          "column": 2
        },
        "end": {
          "line": 210,
          "column": 11
        }
      },
      "11": {
        "start": {
          "line": 65,
          "column": 29
        },
        "end": {
          "line": 65,
          "column": 53
        }
      },
      "12": {
        "start": {
          "line": 88,
          "column": 29
        },
        "end": {
          "line": 88,
          "column": 56
        }
      },
      "13": {
        "start": {
          "line": 112,
          "column": 31
        },
        "end": {
          "line": 112,
          "column": 59
        }
      },
      "14": {
        "start": {
          "line": 135,
          "column": 31
        },
        "end": {
          "line": 135,
          "column": 58
        }
      }
    },
    "fnMap": {
      "0": {
        "name": "Forms",
        "decl": {
          "start": {
            "line": 5,
            "column": 9
          },
          "end": {
            "line": 5,
            "column": 14
          }
        },
        "loc": {
          "start": {
            "line": 13,
            "column": 3
          },
          "end": {
            "line": 211,
            "column": 1
          }
        },
        "line": 13
      },
      "1": {
        "name": "(anonymous_1)",
        "decl": {
          "start": {
            "line": 25,
            "column": 23
          },
          "end": {
            "line": 25,
            "column": 24
          }
        },
        "loc": {
          "start": {
            "line": 25,
            "column": 30
          },
          "end": {
            "line": 37,
            "column": 3
          }
        },
        "line": 25
      },
      "2": {
        "name": "(anonymous_2)",
        "decl": {
          "start": {
            "line": 65,
            "column": 22
          },
          "end": {
            "line": 65,
            "column": 23
          }
        },
        "loc": {
          "start": {
            "line": 65,
            "column": 29
          },
          "end": {
            "line": 65,
            "column": 53
          }
        },
        "line": 65
      },
      "3": {
        "name": "(anonymous_3)",
        "decl": {
          "start": {
            "line": 88,
            "column": 22
          },
          "end": {
            "line": 88,
            "column": 23
          }
        },
        "loc": {
          "start": {
            "line": 88,
            "column": 29
          },
          "end": {
            "line": 88,
            "column": 56
          }
        },
        "line": 88
      },
      "4": {
        "name": "(anonymous_4)",
        "decl": {
          "start": {
            "line": 112,
            "column": 24
          },
          "end": {
            "line": 112,
            "column": 25
          }
        },
        "loc": {
          "start": {
            "line": 112,
            "column": 31
          },
          "end": {
            "line": 112,
            "column": 59
          }
        },
        "line": 112
      },
      "5": {
        "name": "(anonymous_5)",
        "decl": {
          "start": {
            "line": 135,
            "column": 24
          },
          "end": {
            "line": 135,
            "column": 25
          }
        },
        "loc": {
          "start": {
            "line": 135,
            "column": 31
          },
          "end": {
            "line": 135,
            "column": 58
          }
        },
        "line": 135
      }
    },
    "branchMap": {
      "0": {
        "loc": {
          "start": {
            "line": 6,
            "column": 2
          },
          "end": {
            "line": 6,
            "column": 16
          }
        },
        "type": "default-arg",
        "locations": [
          {
            "start": {
              "line": 6,
              "column": 9
            },
            "end": {
              "line": 6,
              "column": 16
            }
          }
        ],
        "line": 6
      },
      "1": {
        "loc": {
          "start": {
            "line": 7,
            "column": 2
          },
          "end": {
            "line": 7,
            "column": 18
          }
        },
        "type": "default-arg",
        "locations": [
          {
            "start": {
              "line": 7,
              "column": 10
            },
            "end": {
              "line": 7,
              "column": 18
            }
          }
        ],
        "line": 7
      },
      "2": {
        "loc": {
          "start": {
            "line": 8,
            "column": 2
          },
          "end": {
            "line": 8,
            "column": 23
          }
        },
        "type": "default-arg",
        "locations": [
          {
            "start": {
              "line": 8,
              "column": 15
            },
            "end": {
              "line": 8,
              "column": 23
            }
          }
        ],
        "line": 8
      },
      "3": {
        "loc": {
          "start": {
            "line": 9,
            "column": 2
          },
          "end": {
            "line": 9,
            "column": 23
          }
        },
        "type": "default-arg",
        "locations": [
          {
            "start": {
              "line": 9,
              "column": 13
            },
            "end": {
              "line": 9,
              "column": 23
            }
          }
        ],
        "line": 9
      },
      "4": {
        "loc": {
          "start": {
            "line": 10,
            "column": 2
          },
          "end": {
            "line": 10,
            "column": 24
          }
        },
        "type": "default-arg",
        "locations": [
          {
            "start": {
              "line": 10,
              "column": 13
            },
            "end": {
              "line": 10,
              "column": 24
            }
          }
        ],
        "line": 10
      },
      "5": {
        "loc": {
          "start": {
            "line": 11,
            "column": 2
          },
          "end": {
            "line": 11,
            "column": 29
          }
        },
        "type": "default-arg",
        "locations": [
          {
            "start": {
              "line": 11,
              "column": 13
            },
            "end": {
              "line": 11,
              "column": 29
            }
          }
        ],
        "line": 11
      },
      "6": {
        "loc": {
          "start": {
            "line": 27,
            "column": 24
          },
          "end": {
            "line": 35,
            "column": 5
          }
        },
        "type": "cond-expr",
        "locations": [
          {
            "start": {
              "line": 27,
              "column": 46
            },
            "end": {
              "line": 32,
              "column": 5
            }
          },
          {
            "start": {
              "line": 32,
              "column": 8
            },
            "end": {
              "line": 35,
              "column": 5
            }
          }
        ],
        "line": 27
      },
      "7": {
        "loc": {
          "start": {
            "line": 45,
            "column": 6
          },
          "end": {
            "line": 56,
            "column": 14
          }
        },
        "type": "binary-expr",
        "locations": [
          {
            "start": {
              "line": 45,
              "column": 6
            },
            "end": {
              "line": 45,
              "column": 13
            }
          },
          {
            "start": {
              "line": 45,
              "column": 17
            },
            "end": {
              "line": 45,
              "column": 22
            }
          },
          {
            "start": {
              "line": 45,
              "column": 42
            },
            "end": {
              "line": 56,
              "column": 14
            }
          }
        ],
        "line": 45
      },
      "8": {
        "loc": {
          "start": {
            "line": 52,
            "column": 19
          },
          "end": {
            "line": 52,
            "column": 53
          }
        },
        "type": "binary-expr",
        "locations": [
          {
            "start": {
              "line": 52,
              "column": 19
            },
            "end": {
              "line": 52,
              "column": 32
            }
          },
          {
            "start": {
              "line": 52,
              "column": 36
            },
            "end": {
              "line": 52,
              "column": 53
            }
          }
        ],
        "line": 52
      },
      "9": {
        "loc": {
          "start": {
            "line": 104,
            "column": 8
          },
          "end": {
            "line": 155,
            "column": 16
          }
        },
        "type": "binary-expr",
        "locations": [
          {
            "start": {
              "line": 104,
              "column": 8
            },
            "end": {
              "line": 104,
              "column": 27
            }
          },
          {
            "start": {
              "line": 104,
              "column": 47
            },
            "end": {
              "line": 155,
              "column": 16
            }
          }
        ],
        "line": 104
      },
      "10": {
        "loc": {
          "start": {
            "line": 162,
            "column": 22
          },
          "end": {
            "line": 162,
            "column": 61
          }
        },
        "type": "cond-expr",
        "locations": [
          {
            "start": {
              "line": 162,
              "column": 34
            },
            "end": {
              "line": 162,
              "column": 48
            }
          },
          {
            "start": {
              "line": 162,
              "column": 51
            },
            "end": {
              "line": 162,
              "column": 61
            }
          }
        ],
        "line": 162
      }
    },
    "s": {
      "0": 660,
      "1": 660,
      "2": 660,
      "3": 660,
      "4": 660,
      "5": 660,
      "6": 660,
      "7": 22,
      "8": 22,
      "9": 22,
      "10": 660,
      "11": 288,
      "12": 232,
      "13": 40,
      "14": 60
    },
    "f": {
      "0": 660,
      "1": 22,
      "2": 288,
      "3": 232,
      "4": 40,
      "5": 60
    },
    "b": {
      "0": [
        330
      ],
      "1": [
        330
      ],
      "2": [
        330
      ],
      "3": [
        660
      ],
      "4": [
        660
      ],
      "5": [
        660
      ],
      "6": [
        10,
        12
      ],
      "7": [
        660,
        6,
        6
      ],
      "8": [
        6,
        0
      ],
      "9": [
        660,
        330
      ],
      "10": [
        8,
        652
      ]
    },
    "inputSourceMap": {
      "version": 3,
      "sources": [
        "C:/Users/lenovo/Documents/веб технології та дизайн/lab 1,2/frontend/src/components/Forms/Forms.jsx"
      ],
      "mappings": "AAgDgB,SAwCQ,UAxCR;AAhDhB,SAAS,MAAM,mBAAmB;AAClC,SAAS,gBAAgB;AACzB,OAAO,YAAY;AAEnB,SAAS,MAAM;AAAA,EACX,OAAO;AAAA,EACP,QAAQ;AAAA,EACR,aAAa;AAAA,EACb,WAAW;AAAA,EACX,WAAW;AAAA,EACX,WAAW;AAAA,EACX;AACJ,GAAG;AAEC,QAAM,WAAW,YAAY;AAE7B,QAAM,CAAC,OAAO,QAAQ,IAAI,SAAS,EAAE;AACrC,QAAM,CAAC,UAAU,WAAW,IAAI,SAAS,EAAE;AAC3C,QAAM,CAAC,WAAW,YAAY,IAAI,SAAS,EAAE;AAC7C,QAAM,CAAC,UAAU,WAAW,IAAI,SAAS,EAAE;AAE3C,QAAM;AAAA,IACF;AAAA,IACA;AAAA,IACA;AAAA,IACA;AAAA,EACJ,IAAI,gBAAgB,QAAQ;AAG5B,QAAM,eAAe,CAAC,MAAM;AACxB,MAAE,eAAe;AAEjB,UAAM,cAAc,SAAS,aAAa;AAAA,MACtC;AAAA,MACA;AAAA,MACA;AAAA,MACA;AAAA,IACJ,IAAI;AAAA,MACA;AAAA,MACA;AAAA,IACJ;AAEA,WAAO,WAAW;AAAA,EACtB;AAEA,SACI,uBAAC,aAAQ,WAAW,OAAO,gBACvB;AAAA,2BAAC,SAAI,WAAW,OAAO,WACnB;AAAA,6BAAC,QAAG,WAAW,OAAO,YAAa,mBAAnC;AAAA;AAAA;AAAA;AAAA,aAAyC;AAAA,MAExC,WAAW,SACR,uBAAC,SAAI,OAAO;AAAA,QACR,iBAAiB;AAAA,QACjB,QAAQ;AAAA,QACR,OAAO;AAAA,QACP,SAAS;AAAA,QACT,cAAc;AAAA,QACd,cAAc;AAAA,MAClB,GACK,gBAAM,WAAW,qBARtB;AAAA;AAAA;AAAA;AAAA,aASA;AAAA,MAGJ,uBAAC,UAAK,WAAW,OAAO,MAAM,UAAU,cAEpC;AAAA,+BAAC,SAAI,WAAW,OAAO,WACnB;AAAA,UAAC;AAAA;AAAA,YACG,MAAK;AAAA,YACL,WAAW,OAAO;AAAA,YAClB,aAAY;AAAA,YACZ,OAAO;AAAA,YACP,UAAU,CAAC,MAAM,SAAS,EAAE,OAAO,KAAK;AAAA,YACxC,UAAQ;AAAA;AAAA,UANZ;AAAA;AAAA;AAAA;AAAA;AAAA;AAAA;AAAA;AAAA,QAOA,KARJ;AAAA;AAAA;AAAA;AAAA,eASA;AAAA,QAEA,uBAAC,SAAI,WAAW,OAAO,WACnB;AAAA,UAAC;AAAA;AAAA,YACG,MAAK;AAAA,YACL,WAAW,OAAO;AAAA,YAClB,aAAY;AAAA,YACZ,OAAO;AAAA,YACP,UAAU,CAAC,MAAM,YAAY,EAAE,OAAO,KAAK;AAAA,YAC3C,UAAQ;AAAA;AAAA,UANZ;AAAA;AAAA;AAAA;AAAA;AAAA;AAAA;AAAA;AAAA,QAOA,KARJ;AAAA;AAAA;AAAA;AAAA,eASA;AAAA,QAEC,SAAS,cACN,mCACI;AAAA,iCAAC,SAAI,WAAW,OAAO,WACnB;AAAA,YAAC;AAAA;AAAA,cACG,MAAK;AAAA,cACL,WAAW,OAAO;AAAA,cAClB,aAAY;AAAA,cACZ,OAAO;AAAA,cACP,UAAU,CAAC,MAAM,aAAa,EAAE,OAAO,KAAK;AAAA,cAC5C,UAAQ;AAAA;AAAA,YANZ;AAAA;AAAA;AAAA;AAAA;AAAA;AAAA;AAAA;AAAA,UAOA,KARJ;AAAA;AAAA;AAAA;AAAA,iBASA;AAAA,UACA,uBAAC,SAAI,WAAW,OAAO,WACnB;AAAA,YAAC;AAAA;AAAA,cACG,MAAK;AAAA,cACL,WAAW,OAAO;AAAA,cAClB,aAAY;AAAA,cACZ,OAAO;AAAA,cACP,UAAU,CAAC,MAAM,YAAY,EAAE,OAAO,KAAK;AAAA,cAC3C,UAAQ;AAAA;AAAA,YANZ;AAAA;AAAA;AAAA;AAAA;AAAA;AAAA;AAAA;AAAA,UAOA,KARJ;AAAA;AAAA;AAAA;AAAA,iBASA;AAAA,aApBJ;AAAA;AAAA;AAAA;AAAA,eAqBA;AAAA,QAGJ;AAAA,UAAC;AAAA;AAAA,YACG,MAAK;AAAA,YACL,WAAW,OAAO;AAAA,YAClB,UAAU;AAAA,YAET,sBAAY,iBAAiB;AAAA;AAAA,UALlC;AAAA;AAAA;AAAA;AAAA;AAAA;AAAA;AAAA;AAAA,QAMA;AAAA,QACA,uBAAC,UAAD;AAAA;AAAA;AAAA;AAAA,eAAI;AAAA,QAEJ,uBAAC,SAAI,WAAW,OAAO,uBACnB,iCAAC,QAAK,IAAI,UAAU,WAAW,OAAO,cACjC,sBADL;AAAA;AAAA;AAAA;AAAA,eAEA,KAHJ;AAAA;AAAA;AAAA;AAAA,eAIA;AAAA,WA9DJ;AAAA;AAAA;AAAA;AAAA,aA+DA;AAAA,SA/EJ;AAAA;AAAA;AAAA;AAAA,WAgFA;AAAA,IAEA,uBAAC,SAAI,WAAW,OAAO,YACnB,iCAAC,SAAI,KAAK,UAAU,KAAK,SAAzB;AAAA;AAAA;AAAA;AAAA,WAAgC,KADpC;AAAA;AAAA;AAAA;AAAA,WAEA;AAAA,OArFJ;AAAA;AAAA;AAAA;AAAA,SAsFA;AAER;AAEA,eAAe;",
      "names": []
    },
    "_coverageSchema": "1a1c01bbd47fc00a2c39e90264f33305004495a9",
    "hash": "4d41ea5c9caad32e47c3bfd333c0e495a9839527"
  },
  "C:/Users/lenovo/Documents/веб технології та дизайн/lab 1,2/frontend/src/components/Forms/Forms.cy.jsx": {
    "path": "C:/Users/lenovo/Documents/веб технології та дизайн/lab 1,2/frontend/src/components/Forms/Forms.cy.jsx",
    "statementMap": {
      "0": {
        "start": {
          "line": 5,
          "column": 20
        },
        "end": {
          "line": 11,
          "column": 1
        }
      },
      "1": {
        "start": {
          "line": 6,
          "column": 2
        },
        "end": {
          "line": 10,
          "column": 11
        }
      },
      "2": {
        "start": {
          "line": 12,
          "column": 0
        },
        "end": {
          "line": 157,
          "column": 3
        }
      },
      "3": {
        "start": {
          "line": 13,
          "column": 2
        },
        "end": {
          "line": 43,
          "column": 5
        }
      },
      "4": {
        "start": {
          "line": 14,
          "column": 22
        },
        "end": {
          "line": 14,
          "column": 47
        }
      },
      "5": {
        "start": {
          "line": 15,
          "column": 32
        },
        "end": {
          "line": 20,
          "column": 6
        }
      },
      "6": {
        "start": {
          "line": 15,
          "column": 39
        },
        "end": {
          "line": 20,
          "column": 5
        }
      },
      "7": {
        "start": {
          "line": 21,
          "column": 4
        },
        "end": {
          "line": 31,
          "column": 6
        }
      },
      "8": {
        "start": {
          "line": 32,
          "column": 4
        },
        "end": {
          "line": 32,
          "column": 45
        }
      },
      "9": {
        "start": {
          "line": 33,
          "column": 4
        },
        "end": {
          "line": 33,
          "column": 63
        }
      },
      "10": {
        "start": {
          "line": 34,
          "column": 4
        },
        "end": {
          "line": 34,
          "column": 65
        }
      },
      "11": {
        "start": {
          "line": 35,
          "column": 4
        },
        "end": {
          "line": 35,
          "column": 66
        }
      },
      "12": {
        "start": {
          "line": 36,
          "column": 4
        },
        "end": {
          "line": 36,
          "column": 65
        }
      },
      "13": {
        "start": {
          "line": 37,
          "column": 4
        },
        "end": {
          "line": 37,
          "column": 64
        }
      },
      "14": {
        "start": {
          "line": 38,
          "column": 4
        },
        "end": {
          "line": 38,
          "column": 44
        }
      },
      "15": {
        "start": {
          "line": 39,
          "column": 4
        },
        "end": {
          "line": 42,
          "column": 7
        }
      },
      "16": {
        "start": {
          "line": 44,
          "column": 2
        },
        "end": {
          "line": 90,
          "column": 5
        }
      },
      "17": {
        "start": {
          "line": 45,
          "column": 22
        },
        "end": {
          "line": 45,
          "column": 47
        }
      },
      "18": {
        "start": {
          "line": 46,
          "column": 32
        },
        "end": {
          "line": 51,
          "column": 6
        }
      },
      "19": {
        "start": {
          "line": 46,
          "column": 39
        },
        "end": {
          "line": 51,
          "column": 5
        }
      },
      "20": {
        "start": {
          "line": 52,
          "column": 4
        },
        "end": {
          "line": 74,
          "column": 6
        }
      },
      "21": {
        "start": {
          "line": 75,
          "column": 4
        },
        "end": {
          "line": 75,
          "column": 53
        }
      },
      "22": {
        "start": {
          "line": 76,
          "column": 4
        },
        "end": {
          "line": 76,
          "column": 70
        }
      },
      "23": {
        "start": {
          "line": 77,
          "column": 4
        },
        "end": {
          "line": 77,
          "column": 67
        }
      },
      "24": {
        "start": {
          "line": 78,
          "column": 4
        },
        "end": {
          "line": 78,
          "column": 66
        }
      },
      "25": {
        "start": {
          "line": 79,
          "column": 4
        },
        "end": {
          "line": 79,
          "column": 63
        }
      },
      "26": {
        "start": {
          "line": 80,
          "column": 4
        },
        "end": {
          "line": 80,
          "column": 63
        }
      },
      "27": {
        "start": {
          "line": 81,
          "column": 4
        },
        "end": {
          "line": 81,
          "column": 59
        }
      },
      "28": {
        "start": {
          "line": 82,
          "column": 4
        },
        "end": {
          "line": 82,
          "column": 60
        }
      },
      "29": {
        "start": {
          "line": 83,
          "column": 4
        },
        "end": {
          "line": 83,
          "column": 44
        }
      },
      "30": {
        "start": {
          "line": 84,
          "column": 4
        },
        "end": {
          "line": 89,
          "column": 7
        }
      },
      "31": {
        "start": {
          "line": 91,
          "column": 2
        },
        "end": {
          "line": 111,
          "column": 5
        }
      },
      "32": {
        "start": {
          "line": 92,
          "column": 32
        },
        "end": {
          "line": 97,
          "column": 6
        }
      },
      "33": {
        "start": {
          "line": 92,
          "column": 39
        },
        "end": {
          "line": 97,
          "column": 5
        }
      },
      "34": {
        "start": {
          "line": 98,
          "column": 4
        },
        "end": {
          "line": 108,
          "column": 6
        }
      },
      "35": {
        "start": {
          "line": 109,
          "column": 4
        },
        "end": {
          "line": 109,
          "column": 70
        }
      },
      "36": {
        "start": {
          "line": 110,
          "column": 4
        },
        "end": {
          "line": 110,
          "column": 58
        }
      },
      "37": {
        "start": {
          "line": 112,
          "column": 2
        },
        "end": {
          "line": 133,
          "column": 5
        }
      },
      "38": {
        "start": {
          "line": 113,
          "column": 25
        },
        "end": {
          "line": 113,
          "column": 50
        }
      },
      "39": {
        "start": {
          "line": 114,
          "column": 32
        },
        "end": {
          "line": 119,
          "column": 6
        }
      },
      "40": {
        "start": {
          "line": 114,
          "column": 39
        },
        "end": {
          "line": 119,
          "column": 5
        }
      },
      "41": {
        "start": {
          "line": 120,
          "column": 4
        },
        "end": {
          "line": 130,
          "column": 6
        }
      },
      "42": {
        "start": {
          "line": 131,
          "column": 4
        },
        "end": {
          "line": 131,
          "column": 51
        }
      },
      "43": {
        "start": {
          "line": 132,
          "column": 4
        },
        "end": {
          "line": 132,
          "column": 83
        }
      },
      "44": {
        "start": {
          "line": 134,
          "column": 2
        },
        "end": {
          "line": 156,
          "column": 5
        }
      },
      "45": {
        "start": {
          "line": 135,
          "column": 22
        },
        "end": {
          "line": 135,
          "column": 47
        }
      },
      "46": {
        "start": {
          "line": 136,
          "column": 32
        },
        "end": {
          "line": 141,
          "column": 6
        }
      },
      "47": {
        "start": {
          "line": 136,
          "column": 39
        },
        "end": {
          "line": 141,
          "column": 5
        }
      },
      "48": {
        "start": {
          "line": 142,
          "column": 4
        },
        "end": {
          "line": 152,
          "column": 6
        }
      },
      "49": {
        "start": {
          "line": 153,
          "column": 4
        },
        "end": {
          "line": 153,
          "column": 44
        }
      },
      "50": {
        "start": {
          "line": 154,
          "column": 4
        },
        "end": {
          "line": 154,
          "column": 56
        }
      },
      "51": {
        "start": {
          "line": 155,
          "column": 4
        },
        "end": {
          "line": 155,
          "column": 74
        }
      }
    },
    "fnMap": {
      "0": {
        "name": "(anonymous_0)",
        "decl": {
          "start": {
            "line": 5,
            "column": 20
          },
          "end": {
            "line": 5,
            "column": 21
          }
        },
        "loc": {
          "start": {
            "line": 5,
            "column": 38
          },
          "end": {
            "line": 11,
            "column": 1
          }
        },
        "line": 5
      },
      "1": {
        "name": "(anonymous_1)",
        "decl": {
          "start": {
            "line": 12,
            "column": 22
          },
          "end": {
            "line": 12,
            "column": 23
          }
        },
        "loc": {
          "start": {
            "line": 12,
            "column": 28
          },
          "end": {
            "line": 157,
            "column": 1
          }
        },
        "line": 12
      },
      "2": {
        "name": "(anonymous_2)",
        "decl": {
          "start": {
            "line": 13,
            "column": 62
          },
          "end": {
            "line": 13,
            "column": 63
          }
        },
        "loc": {
          "start": {
            "line": 13,
            "column": 68
          },
          "end": {
            "line": 43,
            "column": 3
          }
        },
        "line": 13
      },
      "3": {
        "name": "(anonymous_3)",
        "decl": {
          "start": {
            "line": 15,
            "column": 32
          },
          "end": {
            "line": 15,
            "column": 33
          }
        },
        "loc": {
          "start": {
            "line": 15,
            "column": 39
          },
          "end": {
            "line": 20,
            "column": 5
          }
        },
        "line": 15
      },
      "4": {
        "name": "(anonymous_4)",
        "decl": {
          "start": {
            "line": 44,
            "column": 62
          },
          "end": {
            "line": 44,
            "column": 63
          }
        },
        "loc": {
          "start": {
            "line": 44,
            "column": 68
          },
          "end": {
            "line": 90,
            "column": 3
          }
        },
        "line": 44
      },
      "5": {
        "name": "(anonymous_5)",
        "decl": {
          "start": {
            "line": 46,
            "column": 32
          },
          "end": {
            "line": 46,
            "column": 33
          }
        },
        "loc": {
          "start": {
            "line": 46,
            "column": 39
          },
          "end": {
            "line": 51,
            "column": 5
          }
        },
        "line": 46
      },
      "6": {
        "name": "(anonymous_6)",
        "decl": {
          "start": {
            "line": 91,
            "column": 61
          },
          "end": {
            "line": 91,
            "column": 62
          }
        },
        "loc": {
          "start": {
            "line": 91,
            "column": 67
          },
          "end": {
            "line": 111,
            "column": 3
          }
        },
        "line": 91
      },
      "7": {
        "name": "(anonymous_7)",
        "decl": {
          "start": {
            "line": 92,
            "column": 32
          },
          "end": {
            "line": 92,
            "column": 33
          }
        },
        "loc": {
          "start": {
            "line": 92,
            "column": 39
          },
          "end": {
            "line": 97,
            "column": 5
          }
        },
        "line": 92
      },
      "8": {
        "name": "(anonymous_8)",
        "decl": {
          "start": {
            "line": 112,
            "column": 66
          },
          "end": {
            "line": 112,
            "column": 67
          }
        },
        "loc": {
          "start": {
            "line": 112,
            "column": 72
          },
          "end": {
            "line": 133,
            "column": 3
          }
        },
        "line": 112
      },
      "9": {
        "name": "(anonymous_9)",
        "decl": {
          "start": {
            "line": 114,
            "column": 32
          },
          "end": {
            "line": 114,
            "column": 33
          }
        },
        "loc": {
          "start": {
            "line": 114,
            "column": 39
          },
          "end": {
            "line": 119,
            "column": 5
          }
        },
        "line": 114
      },
      "10": {
        "name": "(anonymous_10)",
        "decl": {
          "start": {
            "line": 134,
            "column": 67
          },
          "end": {
            "line": 134,
            "column": 68
          }
        },
        "loc": {
          "start": {
            "line": 134,
            "column": 73
          },
          "end": {
            "line": 156,
            "column": 3
          }
        },
        "line": 134
      },
      "11": {
        "name": "(anonymous_11)",
        "decl": {
          "start": {
            "line": 136,
            "column": 32
          },
          "end": {
            "line": 136,
            "column": 33
          }
        },
        "loc": {
          "start": {
            "line": 136,
            "column": 39
          },
          "end": {
            "line": 141,
            "column": 5
          }
        },
        "line": 136
      }
    },
    "branchMap": {},
    "s": {
      "0": 6,
      "1": 20,
      "2": 6,
      "3": 6,
      "4": 6,
      "5": 6,
      "6": 156,
      "7": 6,
      "8": 6,
      "9": 6,
      "10": 6,
      "11": 6,
      "12": 6,
      "13": 6,
      "14": 6,
      "15": 6,
      "16": 6,
      "17": 5,
      "18": 5,
      "19": 165,
      "20": 5,
      "21": 5,
      "22": 5,
      "23": 5,
      "24": 5,
      "25": 5,
      "26": 5,
      "27": 5,
      "28": 5,
      "29": 5,
      "30": 5,
      "31": 6,
      "32": 4,
      "33": 4,
      "34": 4,
      "35": 4,
      "36": 4,
      "37": 6,
      "38": 3,
      "39": 3,
      "40": 3,
      "41": 3,
      "42": 3,
      "43": 3,
      "44": 6,
      "45": 2,
      "46": 2,
      "47": 2,
      "48": 2,
      "49": 2,
      "50": 2,
      "51": 2
    },
    "f": {
      "0": 20,
      "1": 6,
      "2": 6,
      "3": 156,
      "4": 5,
      "5": 165,
      "6": 4,
      "7": 4,
      "8": 3,
      "9": 3,
      "10": 2,
      "11": 2
    },
    "b": {},
    "inputSourceMap": {
      "version": 3,
      "sources": [
        "C:/Users/lenovo/Documents/веб технології та дизайн/lab 1,2/frontend/src/components/Forms/Forms.cy.jsx"
      ],
      "mappings": "AAKS;AALT,OAAO,WAAW;AAClB,OAAO,WAAW;AAClB,SAAS,oBAAoB;AAE7B,MAAM,cAAc,CAAC,EAAE,SAAS,MAAM;AACpC,SAAO,uBAAC,gBAAc,YAAf;AAAA;AAAA;AAAA;AAAA,SAAwB;AACjC;AAEA,SAAS,aAAa,MAAM;AAE1B,KAAG,yDAAyD,MAAM;AAChE,UAAM,YAAY,GAAG,KAAK,EAAE,GAAG,WAAW;AAE1C,UAAM,sBAAsB,OAAO;AAAA,MACjC,QAAQ;AAAA,MACR,WAAW;AAAA,MACX,SAAS;AAAA,MACT,OAAO;AAAA,IACT;AAEA,OAAG;AAAA,MACD,uBAAC,eACC,iCAAC,SAAM,iBAAiB,uBAAxB;AAAA;AAAA;AAAA;AAAA,aAA6C,KAD/C;AAAA;AAAA;AAAA;AAAA,aAEA;AAAA,IACF;AAEA,OAAG,IAAI,IAAI,EAAE,OAAO,WAAW,QAAQ;AACvC,OAAG,IAAI,6BAA6B,EAAE,OAAO,YAAY;AACzD,OAAG,IAAI,+BAA+B,EAAE,OAAO,YAAY;AAC3D,OAAG,IAAI,iCAAiC,EAAE,OAAO,WAAW;AAE5D,OAAG,IAAI,6BAA6B,EAAE,KAAK,gBAAgB;AAC3D,OAAG,IAAI,+BAA+B,EAAE,KAAK,aAAa;AAE1D,OAAG,IAAI,uBAAuB,EAAE,MAAM;AAEtC,OAAG,IAAI,YAAY,EAAE,OAAO,wBAAwB;AAAA,MAClD,OAAO;AAAA,MACP,UAAU;AAAA,IACZ,CAAC;AAAA,EACH,CAAC;AAED,KAAG,yDAAyD,MAAM;AAChE,UAAM,YAAY,GAAG,KAAK,EAAE,GAAG,WAAW;AAC1C,UAAM,sBAAsB,OAAO;AAAA,MACjC,QAAQ;AAAA,MACR,WAAW;AAAA,MACX,SAAS;AAAA,MACT,OAAO;AAAA,IACT;AAEA,OAAG;AAAA,MACD,uBAAC,eACC;AAAA,QAAC;AAAA;AAAA,UACC,MAAK;AAAA,UACL,OAAM;AAAA,UACN,YAAW;AAAA,UACX,iBAAiB;AAAA;AAAA,QAJnB;AAAA;AAAA;AAAA;AAAA;AAAA;AAAA;AAAA;AAAA,MAKA,KANF;AAAA;AAAA;AAAA;AAAA,aAOA;AAAA,IACF;AAEA,OAAG,IAAI,IAAI,EAAE,OAAO,WAAW,gBAAgB;AAC/C,OAAG,IAAI,uBAAuB,EAAE,OAAO,WAAW,cAAc;AAEhE,OAAG,IAAI,iCAAiC,EAAE,OAAO,YAAY;AAC7D,OAAG,IAAI,gCAAgC,EAAE,OAAO,YAAY;AAE5D,OAAG,IAAI,6BAA6B,EAAE,KAAK,cAAc;AACzD,OAAG,IAAI,+BAA+B,EAAE,KAAK,YAAY;AACzD,OAAG,IAAI,iCAAiC,EAAE,KAAK,MAAM;AACrD,OAAG,IAAI,gCAAgC,EAAE,KAAK,QAAQ;AAEtD,OAAG,IAAI,uBAAuB,EAAE,MAAM;AAEtC,OAAG,IAAI,YAAY,EAAE,OAAO,wBAAwB;AAAA,MAClD,OAAO;AAAA,MACP,UAAU;AAAA,MACV,WAAW;AAAA,MACX,UAAU;AAAA,IACZ,CAAC;AAAA,EACH,CAAC;AAED,KAAG,wDAAwD,MAAM;AAC/D,UAAM,sBAAsB,OAAO;AAAA,MACjC,QAAQ,GAAG,KAAK;AAAA,MAChB,WAAW;AAAA,MACX,SAAS;AAAA,MACT,OAAO;AAAA,IACT;AAEA,OAAG;AAAA,MACD,uBAAC,eACC,iCAAC,SAAM,iBAAiB,uBAAxB;AAAA;AAAA;AAAA;AAAA,aAA6C,KAD/C;AAAA;AAAA;AAAA;AAAA,aAEA;AAAA,IACF;AAEA,OAAG,IAAI,uBAAuB,EAAE,OAAO,WAAW,cAAc;AAChE,OAAG,IAAI,uBAAuB,EAAE,OAAO,aAAa;AAAA,EACtD,CAAC;AAED,KAAG,6DAA6D,MAAM;AACpE,UAAM,eAAe;AAErB,UAAM,sBAAsB,OAAO;AAAA,MACjC,QAAQ,GAAG,KAAK;AAAA,MAChB,WAAW;AAAA,MACX,SAAS;AAAA,MACT,OAAO,EAAE,SAAS,aAAa;AAAA,IACjC;AAEA,OAAG;AAAA,MACD,uBAAC,eACC,iCAAC,SAAM,iBAAiB,uBAAxB;AAAA;AAAA;AAAA;AAAA,aAA6C,KAD/C;AAAA;AAAA;AAAA;AAAA,aAEA;AAAA,IACF;AAEA,OAAG,SAAS,YAAY,EAAE,OAAO,YAAY;AAE7C,OAAG,SAAS,YAAY,EACrB,OAAO,YAAY,gBAAgB,gBAAgB;AAAA,EACxD,CAAC;AAED,KAAG,8DAA8D,MAAM;AACrE,UAAM,YAAY,GAAG,KAAK,EAAE,GAAG,WAAW;AAC1C,UAAM,sBAAsB,OAAO;AAAA,MACjC,QAAQ;AAAA,MACR,WAAW;AAAA,MACX,SAAS;AAAA,MACT,OAAO;AAAA,IACT;AAEA,OAAG;AAAA,MACD,uBAAC,eACC,iCAAC,SAAM,iBAAiB,uBAAxB;AAAA;AAAA;AAAA;AAAA,aAA6C,KAD/C;AAAA;AAAA;AAAA;AAAA,aAEA;AAAA,IACF;AAEA,OAAG,IAAI,uBAAuB,EAAE,MAAM;AAEtC,OAAG,IAAI,YAAY,EAAE,OAAO,sBAAsB;AAElD,OAAG,IAAI,6BAA6B,EAAE,OAAO,aAAa,UAAU;AAAA,EACtE,CAAC;AAEH,CAAC;",
      "names": []
    },
    "_coverageSchema": "1a1c01bbd47fc00a2c39e90264f33305004495a9",
    "hash": "4768d31841ade1f624d974dd0f8d9aada7d16f15"
  },
  "C:/Users/lenovo/Documents/веб технології та дизайн/lab 1,2/frontend/src/Firebase.jsx": {
    "path": "C:/Users/lenovo/Documents/веб технології та дизайн/lab 1,2/frontend/src/Firebase.jsx",
    "statementMap": {
      "0": {
        "start": {
          "line": 4,
          "column": 23
        },
        "end": {
          "line": 11,
          "column": 1
        }
      },
      "1": {
        "start": {
          "line": 12,
          "column": 12
        },
        "end": {
          "line": 12,
          "column": 41
        }
      },
      "2": {
        "start": {
          "line": 13,
          "column": 20
        },
        "end": {
          "line": 13,
          "column": 32
        }
      },
      "3": {
        "start": {
          "line": 14,
          "column": 18
        },
        "end": {
          "line": 14,
          "column": 35
        }
      }
    },
    "fnMap": {},
    "branchMap": {},
    "s": {
      "0": 18,
      "1": 18,
      "2": 18,
      "3": 18
    },
    "f": {},
    "b": {},
    "inputSourceMap": {
      "version": 3,
      "sources": [
        "C:/Users/lenovo/Documents/веб технології та дизайн/lab 1,2/frontend/src/Firebase.jsx"
      ],
      "mappings": "AACA,SAAS,qBAAqB;AAC9B,SAAS,eAAe;AACxB,SAAS,oBAAoB;AAK7B,MAAM,iBAAiB;AAAA,EACrB,QAAQ;AAAA,EACR,YAAY;AAAA,EACZ,WAAW;AAAA,EACX,eAAe;AAAA,EACf,mBAAmB;AAAA,EACnB,OAAO;AACT;AAGA,MAAM,MAAM,cAAc,cAAc;AAEjC,aAAM,OAAO,QAAQ,GAAG;AACxB,aAAM,KAAK,aAAa,GAAG;",
      "names": []
    },
    "_coverageSchema": "1a1c01bbd47fc00a2c39e90264f33305004495a9",
    "hash": "f0bd21b07cdb76b809a9e2d0d6a3ffcbd1fba42a"
  },
  "C:/Users/lenovo/Documents/веб технології та дизайн/lab 1,2/frontend/src/context/AuthContext.jsx": {
    "path": "C:/Users/lenovo/Documents/веб технології та дизайн/lab 1,2/frontend/src/context/AuthContext.jsx",
    "statementMap": {
      "0": {
        "start": {
          "line": 5,
          "column": 27
        },
        "end": {
          "line": 5,
          "column": 42
        }
      },
      "1": {
        "start": {
          "line": 6,
          "column": 28
        },
        "end": {
          "line": 28,
          "column": 1
        }
      },
      "2": {
        "start": {
          "line": 7,
          "column": 40
        },
        "end": {
          "line": 7,
          "column": 54
        }
      },
      "3": {
        "start": {
          "line": 8,
          "column": 32
        },
        "end": {
          "line": 8,
          "column": 46
        }
      },
      "4": {
        "start": {
          "line": 9,
          "column": 2
        },
        "end": {
          "line": 15,
          "column": 9
        }
      },
      "5": {
        "start": {
          "line": 10,
          "column": 24
        },
        "end": {
          "line": 13,
          "column": 6
        }
      },
      "6": {
        "start": {
          "line": 11,
          "column": 6
        },
        "end": {
          "line": 11,
          "column": 27
        }
      },
      "7": {
        "start": {
          "line": 12,
          "column": 6
        },
        "end": {
          "line": 12,
          "column": 24
        }
      },
      "8": {
        "start": {
          "line": 14,
          "column": 4
        },
        "end": {
          "line": 14,
          "column": 31
        }
      },
      "9": {
        "start": {
          "line": 14,
          "column": 17
        },
        "end": {
          "line": 14,
          "column": 30
        }
      },
      "10": {
        "start": {
          "line": 16,
          "column": 17
        },
        "end": {
          "line": 18,
          "column": 3
        }
      },
      "11": {
        "start": {
          "line": 17,
          "column": 4
        },
        "end": {
          "line": 17,
          "column": 25
        }
      },
      "12": {
        "start": {
          "line": 19,
          "column": 16
        },
        "end": {
          "line": 22,
          "column": 3
        }
      },
      "13": {
        "start": {
          "line": 23,
          "column": 2
        },
        "end": {
          "line": 27,
          "column": 11
        }
      },
      "14": {
        "start": {
          "line": 29,
          "column": 23
        },
        "end": {
          "line": 31,
          "column": 1
        }
      },
      "15": {
        "start": {
          "line": 30,
          "column": 2
        },
        "end": {
          "line": 30,
          "column": 33
        }
      }
    },
    "fnMap": {
      "0": {
        "name": "(anonymous_0)",
        "decl": {
          "start": {
            "line": 6,
            "column": 28
          },
          "end": {
            "line": 6,
            "column": 29
          }
        },
        "loc": {
          "start": {
            "line": 6,
            "column": 46
          },
          "end": {
            "line": 28,
            "column": 1
          }
        },
        "line": 6
[...]
          "line": 57,
          "column": 49
        }
      },
      "21": {
        "start": {
          "line": 58,
          "column": 21
        },
        "end": {
          "line": 58,
          "column": 43
        }
      },
      "22": {
        "start": {
          "line": 59,
          "column": 4
        },
        "end": {
          "line": 69,
          "column": 6
        }
      },
      "23": {
        "start": {
          "line": 70,
          "column": 4
        },
        "end": {
          "line": 70,
          "column": 43
        }
      },
      "24": {
        "start": {
          "line": 71,
          "column": 4
        },
        "end": {
          "line": 71,
          "column": 57
        }
      },
      "25": {
        "start": {
          "line": 72,
          "column": 4
        },
        "end": {
          "line": 74,
          "column": 7
        }
      },
      "26": {
        "start": {
          "line": 73,
          "column": 6
        },
        "end": {
          "line": 73,
          "column": 25
        }
      },
      "27": {
        "start": {
          "line": 75,
          "column": 4
        },
        "end": {
          "line": 75,
          "column": 49
        }
      },
      "28": {
        "start": {
          "line": 76,
          "column": 4
        },
        "end": {
          "line": 76,
          "column": 57
        }
      },
      "29": {
        "start": {
          "line": 77,
          "column": 4
        },
        "end": {
          "line": 77,
          "column": 75
        }
      },
      "30": {
        "start": {
          "line": 78,
          "column": 4
        },
        "end": {
          "line": 78,
          "column": 57
        }
      }
    },
    "fnMap": {
      "0": {
        "name": "(anonymous_0)",
        "decl": {
          "start": {
            "line": 5,
            "column": 20
          },
          "end": {
            "line": 5,
            "column": 21
          }
        },
        "loc": {
          "start": {
            "line": 5,
            "column": 49
          },
          "end": {
            "line": 11,
            "column": 1
          }
        },
        "line": 5
      },
      "1": {
        "name": "(anonymous_1)",
        "decl": {
          "start": {
            "line": 12,
            "column": 29
          },
          "end": {
            "line": 12,
            "column": 30
          }
        },
        "loc": {
          "start": {
            "line": 12,
            "column": 35
          },
          "end": {
            "line": 80,
            "column": 1
          }
        },
        "line": 12
      },
      "2": {
        "name": "(anonymous_2)",
        "decl": {
          "start": {
            "line": 19,
            "column": 66
          },
          "end": {
            "line": 19,
            "column": 67
          }
        },
        "loc": {
          "start": {
            "line": 19,
            "column": 72
          },
          "end": {
            "line": 36,
            "column": 3
          }
        },
        "line": 19
      },
      "3": {
        "name": "(anonymous_3)",
        "decl": {
          "start": {
            "line": 37,
            "column": 61
          },
          "end": {
            "line": 37,
            "column": 62
          }
        },
        "loc": {
          "start": {
            "line": 37,
            "column": 67
          },
          "end": {
            "line": 55,
            "column": 3
          }
        },
        "line": 37
      },
      "4": {
        "name": "(anonymous_4)",
        "decl": {
          "start": {
            "line": 56,
            "column": 72
          },
          "end": {
            "line": 56,
            "column": 73
          }
        },
        "loc": {
          "start": {
            "line": 56,
            "column": 78
          },
          "end": {
            "line": 79,
            "column": 3
          }
        },
        "line": 56
      },
      "5": {
        "name": "(anonymous_5)",
        "decl": {
          "start": {
            "line": 72,
            "column": 29
          },
          "end": {
            "line": 72,
            "column": 30
          }
        },
        "loc": {
          "start": {
            "line": 72,
            "column": 38
          },
          "end": {
            "line": 74,
            "column": 5
          }
        },
        "line": 72
      }
    },
    "branchMap": {},
    "s": {
      "0": 4,
      "1": 9,
      "2": 4,
      "3": 4,
      "4": 4,
      "5": 4,
      "6": 4,
      "7": 4,
      "8": 4,
      "9": 4,
      "10": 4,
      "11": 4,
      "12": 3,
      "13": 3,
      "14": 3,
      "15": 3,
      "16": 3,
      "17": 3,
      "18": 3,
      "19": 4,
      "20": 2,
      "21": 2,
      "22": 2,
      "23": 2,
      "24": 2,
      "25": 2,
      "26": 2,
      "27": 2,
      "28": 2,
      "29": 2,
      "30": 2
    },
    "f": {
      "0": 9,
      "1": 4,
      "2": 4,
      "3": 3,
      "4": 2,
      "5": 2
    },
    "b": {},
    "inputSourceMap": {
      "version": 3,
      "sources": [
        "C:/Users/lenovo/Documents/веб технології та дизайн/lab 1,2/frontend/src/components/ProductModal/ProductModal.cy.jsx"
      ],
      "mappings": "AAMI;AANJ,OAAO,WAAW;AAClB,OAAO,kBAAkB;AACzB,SAAS,mBAAmB;AAE5B,MAAM,cAAc,CAAC,EAAE,WAAW,SAAS,MAAM;AAC/C,SACE,uBAAC,YAAY,UAAZ,EAAqB,OAAO,WAC1B,YADH;AAAA;AAAA;AAAA;AAAA,SAEA;AAEJ;AAEA,SAAS,oBAAoB,MAAM;AAEjC,QAAM,cAAc;AAAA,IAClB,IAAI;AAAA,IACJ,OAAO;AAAA,IACP,OAAO;AAAA,IACP,OAAO;AAAA,EACT;AAEA,KAAG,6DAA6D,MAAM;AACpE,UAAM,WAAW,EAAE,SAAS,GAAG,KAAK,EAAE;AACtC,UAAM,aAAa,GAAG,KAAK;AAE3B,OAAG;AAAA,MACD,uBAAC,eAAY,WAAW,UACtB,iCAAC,gBAAa,SAAS,aAAa,SAAS,cAA7C;AAAA;AAAA;AAAA;AAAA,aAAyD,KAD3D;AAAA;AAAA;AAAA;AAAA,aAEA;AAAA,IACF;AAEA,OAAG,SAAS,YAAY,KAAK,EAAE,OAAO,YAAY;AAClD,OAAG,SAAS,YAAY,KAAK,EAAE,OAAO,YAAY;AAClD,OAAG,IAAI,KAAK,EACT,OAAO,aAAa,OAAO,YAAY,KAAK,EAC5C,IAAI,aAAa,OAAO,YAAY,KAAK;AAAA,EAC9C,CAAC;AAED,KAAG,wDAAwD,MAAM;AAC/D,UAAM,aAAa,GAAG,KAAK,EAAE,GAAG,YAAY;AAC5C,UAAM,aAAa,GAAG,KAAK,EAAE,GAAG,YAAY;AAE5C,UAAM,WAAW,EAAE,SAAS,WAAW;AAEvC,OAAG;AAAA,MACD,uBAAC,eAAY,WAAW,UACtB,iCAAC,gBAAa,SAAS,aAAa,SAAS,cAA7C;AAAA;AAAA;AAAA;AAAA,aAAyD,KAD3D;AAAA;AAAA;AAAA;AAAA,aAEA;AAAA,IACF;AAEA,OAAG,SAAS,gBAAgB,EAAE,MAAM;AAEpC,OAAG,IAAI,aAAa,EAAE,OAAO,wBAAwB,WAAW;AAEhE,OAAG,IAAI,aAAa,EAAE,OAAO,kBAAkB;AAAA,EACjD,CAAC;AAED,KAAG,mEAAmE,MAAM;AAC1E,UAAM,aAAa,GAAG,KAAK,EAAE,GAAG,YAAY;AAC5C,UAAM,WAAW,EAAE,SAAS,GAAG,KAAK,EAAE;AAEtC,OAAG;AAAA,MACD,uBAAC,eAAY,WAAW,UACtB,iCAAC,gBAAa,SAAS,aAAa,SAAS,cAA7C;AAAA;AAAA;AAAA;AAAA,aAAyD,KAD3D;AAAA;AAAA;AAAA;AAAA,aAEA;AAAA,IACF;AAEA,OAAG,IAAI,QAAQ,EAAE,SAAS,GAAG,EAAE,MAAM;AACrC,OAAG,IAAI,aAAa,EAAE,OAAO,sBAAsB;AAGnD,OAAG,KAAK,UAAU,EAAE,KAAK,CAAC,QAAQ;AAC9B,UAAI,aAAa;AAAA,IACrB,CAAC;AAED,OAAG,IAAI,4BAA4B,EAAE,MAAM;AAC3C,OAAG,IAAI,aAAa,EAAE,OAAO,sBAAsB;AAEnD,OAAG,IAAI,4BAA4B,EAAE,MAAM,WAAW,EAAE,OAAO,KAAK,CAAC;AACrE,OAAG,IAAI,aAAa,EAAE,OAAO,sBAAsB;AAAA,EACrD,CAAC;AAEH,CAAC;",
      "names": []
    },
    "_coverageSchema": "1a1c01bbd47fc00a2c39e90264f33305004495a9",
    "hash": "cd94f7f5e61a8e93e8c5809cb9fe57427da8b7c9"
  },
  "C:/Users/lenovo/Documents/веб технології та дизайн/lab 1,2/frontend/src/components/Slider/Slider.jsx": {
    "path": "C:/Users/lenovo/Documents/веб технології та дизайн/lab 1,2/frontend/src/components/Slider/Slider.jsx",
    "statementMap": {
      "0": {
        "start": {
          "line": 6,
          "column": 18
        },
        "end": {
          "line": 11,
          "column": 1
        }
      },
      "1": {
        "start": {
          "line": 13,
          "column": 22
        },
        "end": {
          "line": 13,
          "column": 27
        }
      },
      "2": {
        "start": {
          "line": 14,
          "column": 2
        },
        "end": {
          "line": 18,
          "column": 11
        }
      },
      "3": {
        "start": {
          "line": 21,
          "column": 22
        },
        "end": {
          "line": 21,
          "column": 27
        }
      },
      "4": {
        "start": {
          "line": 22,
          "column": 2
        },
        "end": {
          "line": 26,
          "column": 11
        }
      },
      "5": {
        "start": {
          "line": 29,
          "column": 19
        },
        "end": {
          "line": 46,
          "column": 3
        }
      },
      "6": {
        "start": {
          "line": 47,
          "column": 2
        },
        "end": {
          "line": 87,
          "column": 11
        }
      },
      "7": {
        "start": {
          "line": 58,
          "column": 131
        },
        "end": {
          "line": 73,
          "column": 12
        }
      }
    },
    "fnMap": {
      "0": {
        "name": "PrevArrow",
        "decl": {
          "start": {
            "line": 12,
            "column": 9
          },
          "end": {
            "line": 12,
            "column": 18
          }
        },
        "loc": {
          "start": {
            "line": 12,
            "column": 26
          },
          "end": {
            "line": 19,
            "column": 1
          }
        },
        "line": 12
      },
      "1": {
        "name": "NextArrow",
        "decl": {
          "start": {
            "line": 20,
            "column": 9
          },
          "end": {
            "line": 20,
            "column": 18
          }
        },
        "loc": {
          "start": {
            "line": 20,
            "column": 26
          },
          "end": {
            "line": 27,
            "column": 1
          }
        },
        "line": 20
      },
      "2": {
        "name": "Slider",
        "decl": {
          "start": {
            "line": 28,
            "column": 9
          },
          "end": {
            "line": 28,
            "column": 15
          }
        },
        "loc": {
          "start": {
            "line": 28,
            "column": 18
          },
          "end": {
            "line": 88,
            "column": 1
          }
        },
        "line": 28
      },
      "3": {
        "name": "(anonymous_3)",
        "decl": {
          "start": {
            "line": 58,
            "column": 105
          },
          "end": {
            "line": 58,
            "column": 106
          }
        },
        "loc": {
          "start": {
            "line": 58,
            "column": 131
          },
          "end": {
            "line": 73,
            "column": 12
          }
        },
        "line": 58
      }
    },
    "branchMap": {},
    "s": {
      "0": 10,
      "1": 40,
      "2": 40,
      "3": 40,
      "4": 40,
      "5": 28,
      "6": 28,
      "7": 112
    },
    "f": {
      "0": 40,
      "1": 40,
      "2": 28,
      "3": 112
    },
    "b": {},
    "inputSourceMap": {
      "version": 3,
      "sources": [
        "C:/Users/lenovo/Documents/веб технології та дизайн/lab 1,2/frontend/src/components/Slider/Slider.jsx"
      ],
      "mappings": "AAeI;AAfJ,SAAS,YAAY;AACrB,OAAO,eAAe;AACtB,OAAO;AACP,OAAO,YAAY;AAEnB,MAAM,YAAY;AAAA,EAChB,EAAE,MAAM,uBAAuB,KAAK,iBAAiB;AAAA,EACrD,EAAE,MAAM,kBAAkB,KAAK,iBAAiB;AAAA,EAChD,EAAE,MAAM,mBAAmB,KAAK,iBAAiB;AAAA,EACjD,EAAE,MAAM,uBAAuB,KAAK,iBAAiB;AACvD;AAEA,SAAS,UAAU,OAAO;AACxB,QAAM,EAAE,QAAQ,IAAI;AACpB,SACE,uBAAC,YAAO,WAAW,OAAO,WAAW,SAAkB,iBAAvD;AAAA;AAAA;AAAA;AAAA,SAEA;AAEJ;AAEA,SAAS,UAAU,OAAO;AACxB,QAAM,EAAE,QAAQ,IAAI;AACpB,SACE,uBAAC,YAAO,WAAW,OAAO,WAAW,SAAkB,iBAAvD;AAAA;AAAA;AAAA;AAAA,SAEA;AAEJ;AAEA,SAAS,SAAS;AAChB,QAAM,WAAW;AAAA,IACf,UAAU;AAAA,IACV,QAAQ;AAAA,IACR,UAAU;AAAA,IACV,eAAe;AAAA,IACf,cAAc;AAAA,IACd,gBAAgB;AAAA,IAChB,WAAW,uBAAC,eAAD;AAAA;AAAA;AAAA;AAAA,WAAW;AAAA,IACtB,WAAW,uBAAC,eAAD;AAAA;AAAA;AAAA;AAAA,WAAW;AAAA,EACxB;AAEA,SACE,uBAAC,aAAQ,WAAW,OAAO,mBACzB;AAAA,2BAAC,QAAG,mDAAJ;AAAA;AAAA;AAAA;AAAA,WAAuC;AAAA,IACvC,uBAAC,OAAE,gSAAH;AAAA;AAAA;AAAA;AAAA,WAKA;AAAA,IAEA,uBAAC,aAAW,GAAG,UAAU,WAAW,OAAO,UACxC,oBAAU,IAAI,CAAC,GAAG,MACjB,uBAAC,SAAY,WAAW,OAAO,aAC7B;AAAA,6BAAC,SAAI,KAAK,EAAE,KAAK,KAAK,EAAE,QAAxB;AAAA;AAAA;AAAA;AAAA,aAA8B;AAAA,MAC9B,uBAAC,QAAI,YAAE,QAAP;AAAA;AAAA;AAAA;AAAA,aAAY;AAAA,SAFJ,GAAV;AAAA;AAAA;AAAA;AAAA,WAGA,CACD,KANH;AAAA;AAAA;AAAA;AAAA,WAOA;AAAA,IAEA,uBAAC,QAAK,IAAG,eAAc,WAAW,OAAO,SAAS,wBAAlD;AAAA;AAAA;AAAA;AAAA,WAEA;AAAA,OApBF;AAAA;AAAA;AAAA;AAAA,SAqBA;AAEJ;AAEA,eAAe;",
      "names": []
    },
    "_coverageSchema": "1a1c01bbd47fc00a2c39e90264f33305004495a9",
    "hash": "ac32770c4bca2ad03890e87d03c60b1191e69e0b"
  },
  "C:/Users/lenovo/Documents/веб технології та дизайн/lab 1,2/frontend/src/components/Slider/Slider.cy.jsx": {
    "path": "C:/Users/lenovo/Documents/веб технології та дизайн/lab 1,2/frontend/src/components/Slider/Slider.cy.jsx",
    "statementMap": {
      "0": {
        "start": {
          "line": 5,
          "column": 0
        },
        "end": {
          "line": 67,
          "column": 3
        }
      },
      "1": {
        "start": {
          "line": 6,
          "column": 2
        },
        "end": {
          "line": 21,
          "column": 5
        }
      },
      "2": {
        "start": {
          "line": 7,
          "column": 4
        },
        "end": {
          "line": 17,
          "column": 6
        }
      },
      "3": {
        "start": {
          "line": 18,
          "column": 4
        },
        "end": {
          "line": 18,
          "column": 76
        }
      },
      "4": {
        "start": {
          "line": 19,
          "column": 4
        },
        "end": {
          "line": 19,
          "column": 83
        }
      },
      "5": {
        "start": {
          "line": 20,
          "column": 4
        },
        "end": {
          "line": 20,
          "column": 89
        }
      },
      "6": {
        "start": {
          "line": 22,
          "column": 2
        },
        "end": {
          "line": 37,
          "column": 5
        }
      },
      "7": {
        "start": {
          "line": 23,
          "column": 4
        },
        "end": {
          "line": 33,
          "column": 6
        }
      },
      "8": {
        "start": {
          "line": 34,
          "column": 22
        },
        "end": {
          "line": 34,
          "column": 76
        }
      },
      "9": {
        "start": {
          "line": 35,
          "column": 4
        },
        "end": {
          "line": 35,
          "column": 48
        }
      },
      "10": {
        "start": {
          "line": 36,
          "column": 4
        },
        "end": {
          "line": 36,
          "column": 58
        }
      },
      "11": {
        "start": {
          "line": 38,
          "column": 2
        },
        "end": {
          "line": 52,
          "column": 5
        }
      },
      "12": {
        "start": {
          "line": 39,
          "column": 4
        },
        "end": {
          "line": 49,
          "column": 6
        }
      },
      "13": {
        "start": {
          "line": 50,
          "column": 4
        },
        "end": {
          "line": 50,
          "column": 64
        }
      },
      "14": {
        "start": {
          "line": 51,
          "column": 4
        },
        "end": {
          "line": 51,
          "column": 64
        }
      },
      "15": {
        "start": {
          "line": 53,
          "column": 2
        },
        "end": {
          "line": 66,
          "column": 5
        }
      },
      "16": {
        "start": {
          "line": 54,
          "column": 4
        },
        "end": {
          "line": 64,
          "column": 6
        }
      },
      "17": {
        "start": {
          "line": 65,
          "column": 4
        },
        "end": {
          "line": 65,
          "column": 85
        }
      }
    },
    "fnMap": {
      "0": {
        "name": "(anonymous_0)",
        "decl": {
          "start": {
            "line": 5,
            "column": 23
          },
          "end": {
            "line": 5,
            "column": 24
          }
        },
        "loc": {
          "start": {
            "line": 5,
            "column": 29
          },
          "end": {
            "line": 67,
            "column": 1
          }
        },
        "line": 5
      },
      "1": {
        "name": "(anonymous_1)",
        "decl": {
          "start": {
            "line": 6,
            "column": 58
          },
          "end": {
            "line": 6,
            "column": 59
          }
        },
        "loc": {
          "start": {
            "line": 6,
            "column": 64
          },
          "end": {
            "line": 21,
            "column": 3
          }
        },
        "line": 6
      },
      "2": {
        "name": "(anonymous_2)",
        "decl": {
          "start": {
            "line": 22,
            "column": 52
          },
          "end": {
            "line": 22,
            "column": 53
          }
        },
        "loc": {
          "start": {
            "line": 22,
            "column": 58
          },
          "end": {
            "line": 37,
            "column": 3
          }
        },
        "line": 22
      },
      "3": {
        "name": "(anonymous_3)",
        "decl": {
          "start": {
            "line": 38,
            "column": 50
          },
          "end": {
            "line": 38,
            "column": 51
          }
        },
        "loc": {
          "start": {
            "line": 38,
            "column": 56
          },
          "end": {
            "line": 52,
            "column": 3
          }
        },
        "line": 38
      },
      "4": {
        "name": "(anonymous_4)",
        "decl": {
          "start": {
            "line": 53,
            "column": 48
          },
          "end": {
            "line": 53,
            "column": 49
          }
        },
        "loc": {
          "start": {
            "line": 53,
            "column": 54
          },
          "end": {
            "line": 66,
            "column": 3
          }
        },
        "line": 53
      }
    },
    "branchMap": {},
    "s": {
      "0": 5,
      "1": 5,
      "2": 5,
      "3": 5,
      "4": 5,
      "5": 5,
      "6": 5,
      "7": 4,
      "8": 4,
      "9": 4,
      "10": 4,
      "11": 5,
      "12": 3,
      "13": 3,
      "14": 3,
      "15": 5,
      "16": 2,
      "17": 2
    },
    "f": {
      "0": 5,
      "1": 5,
      "2": 4,
      "3": 3,
      "4": 2
    },
    "b": {},
    "inputSourceMap": {
      "version": 3,
      "sources": [
        "C:/Users/lenovo/Documents/веб технології та дизайн/lab 1,2/frontend/src/components/Slider/Slider.cy.jsx"
      ],
      "mappings": "AASQ;AATR,OAAO,WAAW;AAClB,OAAO,YAAY;AACnB,SAAS,oBAAoB;AAE7B,SAAS,cAAc,MAAM;AAE3B,KAAG,qDAAqD,MAAM;AAC5D,OAAG;AAAA,MACD,uBAAC,gBACC,iCAAC,YAAD;AAAA;AAAA;AAAA;AAAA,aAAQ,KADV;AAAA;AAAA;AAAA;AAAA,aAEA;AAAA,IACF;AAEA,OAAG,SAAS,qCAAqC,EAAE,OAAO,YAAY;AAEtE,OAAG,SAAS,4CAA4C,EAAE,OAAO,YAAY;AAE7E,OAAG,SAAS,UAAU,EACnB,OAAO,YAAY,EACnB,IAAI,aAAa,QAAQ,aAAa;AAAA,EAC3C,CAAC;AAED,KAAG,+CAA+C,MAAM;AACtD,OAAG;AAAA,MACD,uBAAC,gBACC,iCAAC,YAAD;AAAA;AAAA;AAAA;AAAA,aAAQ,KADV;AAAA;AAAA;AAAA;AAAA,aAEA;AAAA,IACF;AAEA,UAAM,YAAY,EAAE,MAAM,uBAAuB,KAAK,iBAAiB;AAEvE,OAAG,SAAS,UAAU,IAAI,EAAE,OAAO,OAAO;AAE1C,OAAG,IAAI,YAAY,UAAU,GAAG,IAAI,EAAE,OAAO,OAAO;AAAA,EACtD,CAAC;AAED,KAAG,6CAA6C,MAAM;AACpD,OAAG;AAAA,MACD,uBAAC,gBACC,iCAAC,YAAD;AAAA;AAAA;AAAA;AAAA,aAAQ,KADV;AAAA;AAAA;AAAA;AAAA,aAEA;AAAA,IACF;AAEA,OAAG,IAAI,QAAQ,EAAE,SAAS,GAAG,EAAE,OAAO,YAAY,EAAE,MAAM;AAE1D,OAAG,IAAI,QAAQ,EAAE,SAAS,GAAG,EAAE,OAAO,YAAY,EAAE,MAAM;AAAA,EAC5D,CAAC;AAED,KAAG,2CAA2C,MAAM;AAClD,OAAG;AAAA,MACD,uBAAC,gBACC,iCAAC,YAAD;AAAA;AAAA;AAAA;AAAA,aAAQ,KADV;AAAA;AAAA;AAAA;AAAA,aAEA;AAAA,IACF;AAEA,OAAG,IAAI,SAAS,EACb,OAAO,QAAQ,OAAO,EACtB,OAAO,WAAW,mBAAmB;AAAA,EAC1C,CAAC;AAEH,CAAC;",
      "names": []
    },
    "_coverageSchema": "1a1c01bbd47fc00a2c39e90264f33305004495a9",
    "hash": "c11ed3c0fbc9f3e043a1d1fa1f73dd2d0eb22ccb"
  }
}